['2021-08-05 10:09:58\tSyslog.Info\t172.20.0.10\tAug  5 10:08:24 TMDSSERVER CEF:0', 'Trend Micro', 'Deep Security Agent', '20.0.414', '3002795', 'Microsoft Windows Events', '8', 'cn1=707 cn1Label=Host ID dvc=172.19.0.34 TrendMicroDsTenant=Primary TrendMicroDsTenantId=0 cs1=Multiple Windows error events cs1Label=LI Description fname=System duser=SYSTEM shost=SNDAPPQSServer msg=WinEvtLog: System: ERROR(20): Microsoft-Windows-WindowsUpdateClient: SYSTEM: NT AUTHORITY: SNDAPPQSServer: Installation Failure: Windows failed to install the following update with error 0x80070002: 2021-07 Security Monthly Quality Rollup for Windows Server 2012 R2 for x64-based Systems (KB5004954).  \n']
['2021-08-05 10:13:18\tSyslog.Info\t172.20.0.10\tAug  5 10:04:00 TMDSSERVER CEF:0', 'Trend Micro', 'Deep Security Agent', '20.0.414', '3002795', 'Microsoft Windows Events', '8', 'cn1=714 cn1Label=Host ID dvc=172.19.0.37 TrendMicroDsTenant=Primary TrendMicroDsTenantId=0 cs1=Multiple Windows error events cs1Label=LI Description fname=Application duser=SQLAgent$SNDPRO shost=SNDDB msg=WinEvtLog: Application: ERROR(14420): MSSQL$SNDPRO: SQLAgent$SNDPRO: NT SERVICE: SNDDB: The log shipping primary database SNDDB\\\\SNDPRO.Sidathyder_SND has backup threshold of 60 minutes and has not performed a backup log operation for 483 minutes. Check agent log and logshipping monitor information.  \n']
['2021-08-05 10:13:18\tSyslog.Info\t172.20.0.10\tAug  5 10:08:02 TMDSSERVER CEF:0', 'Trend Micro', 'Deep Security Agent', '20.0.414', '3002795', 'Microsoft Windows Events', '8', 'cn1=714 cn1Label=Host ID dvc=172.19.0.37 TrendMicroDsTenant=Primary TrendMicroDsTenantId=0 cs1=Multiple Windows error events cs1Label=LI Description fname=Application duser=SQLAgent$SNDPRO shost=SNDDB msg=WinEvtLog: Application: ERROR(14420): MSSQL$SNDPRO: SQLAgent$SNDPRO: NT SERVICE: SNDDB: The log shipping primary database SNDDB\\\\SNDPRO.Sidathyder_SND has backup threshold of 60 minutes and has not performed a backup log operation for 487 minutes. Check agent log and logshipping monitor information.  \n']
['2021-08-05 10:13:18\tSyslog.Info\t172.20.0.10\tAug  5 10:12:00 TMDSSERVER CEF:0', 'Trend Micro', 'Deep Security Agent', '20.0.414', '3002795', 'Microsoft Windows Events', '8', 'cn1=714 cn1Label=Host ID dvc=172.19.0.37 TrendMicroDsTenant=Primary TrendMicroDsTenantId=0 cs1=Multiple Windows error events cs1Label=LI Description fname=Application duser=SQLAgent$SNDPRO shost=SNDDB msg=WinEvtLog: Application: ERROR(14420): MSSQL$SNDPRO: SQLAgent$SNDPRO: NT SERVICE: SNDDB: The log shipping primary database SNDDB\\\\SNDPRO.Sidathyder_SND has backup threshold of 60 minutes and has not performed a backup log operation for 491 minutes. Check agent log and logshipping monitor information.  \n']
['2021-08-05 10:22:20\tSyslog.Info\t172.20.0.10\tAug  5 10:16:02 TMDSSERVER CEF:0', 'Trend Micro', 'Deep Security Agent', '20.0.414', '3002795', 'Microsoft Windows Events', '8', 'cn1=714 cn1Label=Host ID dvc=172.19.0.37 TrendMicroDsTenant=Primary TrendMicroDsTenantId=0 cs1=Multiple Windows error events cs1Label=LI Description fname=Application duser=SQLAgent$SNDPRO shost=SNDDB msg=WinEvtLog: Application: ERROR(14420): MSSQL$SNDPRO: SQLAgent$SNDPRO: NT SERVICE: SNDDB: The log shipping primary database SNDDB\\\\SNDPRO.Ship has backup threshold of 60 minutes and has not performed a backup log operation for 18496 minutes. Check agent log and logshipping monitor information.  \n']
['2021-08-05 10:22:20\tSyslog.Info\t172.20.0.10\tAug  5 10:20:04 TMDSSERVER CEF:0', 'Trend Micro', 'Deep Security Agent', '20.0.414', '3002795', 'Microsoft Windows Events', '8', 'cn1=714 cn1Label=Host ID dvc=172.19.0.37 TrendMicroDsTenant=Primary TrendMicroDsTenantId=0 cs1=Multiple Windows error events cs1Label=LI Description fname=Application duser=SQLAgent$SNDPRO shost=SNDDB msg=WinEvtLog: Application: ERROR(14420): MSSQL$SNDPRO: SQLAgent$SNDPRO: NT SERVICE: SNDDB: The log shipping primary database SNDDB\\\\SNDPRO.Sidathyder_SND has backup threshold of 60 minutes and has not performed a backup log operation for 499 minutes. Check agent log and logshipping monitor information.  \n']
['2021-08-05 10:25:35\tSyslog.Info\t172.20.0.10\tAug  5 10:22:36 TMDSSERVER CEF:0', 'Trend Micro', 'Deep Security Agent', '20.0.414', '3002795', 'Microsoft Windows Events', '8', 'cn1=717 cn1Label=Host ID dvc=172.19.0.39 TrendMicroDsTenant=Primary TrendMicroDsTenantId=0 cs1=Multiple Windows Logon Failures cs1Label=LI Description fname=Security src=172.21.0.189 duser= Administrator shost=QVSERVER msg=WinEvtLog: Security: AUDIT_FAILURE(4625): Microsoft-Windows-Security-Auditing: (no user): no domain: QVSERVER: An account failed to log on. Subject:  Security ID:  S-1-0-0  Account Name:  -  Account Domain:  -  Logon ID:  0x0  Logon Type:   3  Account For Which Logon Failed:  Security ID:  S-1-0-0  Account Name:  Administrator  Account Domain:  TARIQ-SND  Failure Information:  Failure Reason:  %%2313  Status:   0xc000006d  Sub Status:  0xc000006a  Process Information:  Caller Process ID: 0x0  Caller Process Name: -  Network Information:  Workstation Name: TARIQ-SND  Source Network Address: 172.21.0.189  Source Port:  55007  Detailed Authentication Information:  Logon Process:  NtLmSsp   Authentication Package: NTLM  Transited Services: -  Package Name (NTLM only): -  Key Length:  0  This event is generated when a logon request fails. It is generated on the computer where access was attempted.  \n']
['2021-08-05 10:31:51\tSyslog.Info\t172.20.0.10\tAug  5 10:24:02 TMDSSERVER CEF:0', 'Trend Micro', 'Deep Security Agent', '20.0.414', '3002795', 'Microsoft Windows Events', '8', 'cn1=714 cn1Label=Host ID dvc=172.19.0.37 TrendMicroDsTenant=Primary TrendMicroDsTenantId=0 cs1=Multiple Windows error events cs1Label=LI Description fname=Application duser=SQLAgent$SNDPRO shost=SNDDB msg=WinEvtLog: Application: ERROR(14420): MSSQL$SNDPRO: SQLAgent$SNDPRO: NT SERVICE: SNDDB: The log shipping primary database SNDDB\\\\SNDPRO.Sidathyder_SND has backup threshold of 60 minutes and has not performed a backup log operation for 503 minutes. Check agent log and logshipping monitor information.  \n']
['2021-08-05 10:31:51\tSyslog.Info\t172.20.0.10\tAug  5 10:28:03 TMDSSERVER CEF:0', 'Trend Micro', 'Deep Security Agent', '20.0.414', '3002795', 'Microsoft Windows Events', '8', 'cn1=714 cn1Label=Host ID dvc=172.19.0.37 TrendMicroDsTenant=Primary TrendMicroDsTenantId=0 cs1=Multiple Windows error events cs1Label=LI Description fname=Application duser=SQLAgent$SNDPRO shost=SNDDB msg=WinEvtLog: Application: ERROR(14420): MSSQL$SNDPRO: SQLAgent$SNDPRO: NT SERVICE: SNDDB: The log shipping primary database SNDDB\\\\SNDPRO.Sidathyder_SND has backup threshold of 60 minutes and has not performed a backup log operation for 507 minutes. Check agent log and logshipping monitor information.  \n']
['2021-08-05 10:41:38\tSyslog.Info\t172.20.0.10\tAug  5 10:32:01 TMDSSERVER CEF:0', 'Trend Micro', 'Deep Security Agent', '20.0.414', '3002795', 'Microsoft Windows Events', '8', 'cn1=714 cn1Label=Host ID dvc=172.19.0.37 TrendMicroDsTenant=Primary TrendMicroDsTenantId=0 cs1=Multiple Windows error events cs1Label=LI Description fname=Application duser=SQLAgent$SNDPRO shost=SNDDB msg=WinEvtLog: Application: ERROR(14420): MSSQL$SNDPRO: SQLAgent$SNDPRO: NT SERVICE: SNDDB: The log shipping primary database SNDDB\\\\SNDPRO.shipping has backup threshold of 60 minutes and has not performed a backup log operation for 91999 minutes. Check agent log and logshipping monitor information.  \n']
['2021-08-05 10:41:38\tSyslog.Info\t172.20.0.10\tAug  5 10:36:03 TMDSSERVER CEF:0', 'Trend Micro', 'Deep Security Agent', '20.0.414', '3002795', 'Microsoft Windows Events', '8', 'cn1=714 cn1Label=Host ID dvc=172.19.0.37 TrendMicroDsTenant=Primary TrendMicroDsTenantId=0 cs1=Multiple Windows error events cs1Label=LI Description fname=Application duser=SQLAgent$SNDPRO shost=SNDDB msg=WinEvtLog: Application: ERROR(14420): MSSQL$SNDPRO: SQLAgent$SNDPRO: NT SERVICE: SNDDB: The log shipping primary database SNDDB\\\\SNDPRO.shipping has backup threshold of 60 minutes and has not performed a backup log operation for 92003 minutes. Check agent log and logshipping monitor information.  \n']
['2021-08-05 10:41:38\tSyslog.Info\t172.20.0.10\tAug  5 10:40:01 TMDSSERVER CEF:0', 'Trend Micro', 'Deep Security Agent', '20.0.414', '3002795', 'Microsoft Windows Events', '8', 'cn1=714 cn1Label=Host ID dvc=172.19.0.37 TrendMicroDsTenant=Primary TrendMicroDsTenantId=0 cs1=Multiple Windows error events cs1Label=LI Description fname=Application duser=SQLAgent$SNDPRO shost=SNDDB msg=WinEvtLog: Application: ERROR(14420): MSSQL$SNDPRO: SQLAgent$SNDPRO: NT SERVICE: SNDDB: The log shipping primary database SNDDB\\\\SNDPRO.Ship has backup threshold of 60 minutes and has not performed a backup log operation for 18520 minutes. Check agent log and logshipping monitor information.  \n']
['2021-08-05 10:51:10\tSyslog.Info\t172.20.0.10\tAug  5 10:44:03 TMDSSERVER CEF:0', 'Trend Micro', 'Deep Security Agent', '20.0.414', '3002795', 'Microsoft Windows Events', '8', 'cn1=714 cn1Label=Host ID dvc=172.19.0.37 TrendMicroDsTenant=Primary TrendMicroDsTenantId=0 cs1=Multiple Windows error events cs1Label=LI Description fname=Application duser=SQLAgent$SNDPRO shost=SNDDB msg=WinEvtLog: Application: ERROR(14420): MSSQL$SNDPRO: SQLAgent$SNDPRO: NT SERVICE: SNDDB: The log shipping primary database SNDDB\\\\SNDPRO.Sidathyder_SND has backup threshold of 60 minutes and has not performed a backup log operation for 523 minutes. Check agent log and logshipping monitor information.  \n']
['2021-08-05 10:51:10\tSyslog.Info\t172.20.0.10\tAug  5 10:48:01 TMDSSERVER CEF:0', 'Trend Micro', 'Deep Security Agent', '20.0.414', '3002795', 'Microsoft Windows Events', '8', 'cn1=714 cn1Label=Host ID dvc=172.19.0.37 TrendMicroDsTenant=Primary TrendMicroDsTenantId=0 cs1=Multiple Windows error events cs1Label=LI Description fname=Application duser=SQLAgent$SNDPRO shost=SNDDB msg=WinEvtLog: Application: ERROR(14420): MSSQL$SNDPRO: SQLAgent$SNDPRO: NT SERVICE: SNDDB: The log shipping primary database SNDDB\\\\SNDPRO.Sidathyder_SND has backup threshold of 60 minutes and has not performed a backup log operation for 527 minutes. Check agent log and logshipping monitor information.  \n']
['2021-08-05 10:53:40\tSyslog.Info\t172.20.0.10\tAug  5 10:53:22 TMDSSERVER CEF:0', 'Trend Micro', 'Deep Security Agent', '20.0.414', '3002795', 'Microsoft Windows Events', '8', 'cn1=708 cn1Label=Host ID dvc=192.168.10.220 TrendMicroDsTenant=Primary TrendMicroDsTenantId=0 cs1=Multiple Windows error events cs1Label=LI Description fname=System duser=Administrator shost=QlikView msg=WinEvtLog: System: ERROR(36882): Schannel: Administrator: QLIKVIEW: QlikView: The certificate received from the remote server was issued by an untrusted certificate authority. Because of this, none of the data contained in the certificate can be validated. The SSL connection request has failed. The attached data contains the server certificate.  \n']
['2021-08-05 11:00:16\tSyslog.Info\t172.20.0.10\tAug  5 10:52:03 TMDSSERVER CEF:0', 'Trend Micro', 'Deep Security Agent', '20.0.414', '3002795', 'Microsoft Windows Events', '8', 'cn1=714 cn1Label=Host ID dvc=172.19.0.37 TrendMicroDsTenant=Primary TrendMicroDsTenantId=0 cs1=Multiple Windows error events cs1Label=LI Description fname=Application duser=SQLAgent$SNDPRO shost=SNDDB msg=WinEvtLog: Application: ERROR(14420): MSSQL$SNDPRO: SQLAgent$SNDPRO: NT SERVICE: SNDDB: The log shipping primary database SNDDB\\\\SNDPRO.Sidathyder_SND has backup threshold of 60 minutes and has not performed a backup log operation for 531 minutes. Check agent log and logshipping monitor information.  \n']
['2021-08-05 11:00:16\tSyslog.Info\t172.20.0.10\tAug  5 10:56:00 TMDSSERVER CEF:0', 'Trend Micro', 'Deep Security Agent', '20.0.414', '3002795', 'Microsoft Windows Events', '8', 'cn1=714 cn1Label=Host ID dvc=172.19.0.37 TrendMicroDsTenant=Primary TrendMicroDsTenantId=0 cs1=Multiple Windows error events cs1Label=LI Description fname=Application duser=SQLAgent$SNDPRO shost=SNDDB msg=WinEvtLog: Application: ERROR(14420): MSSQL$SNDPRO: SQLAgent$SNDPRO: NT SERVICE: SNDDB: The log shipping primary database SNDDB\\\\SNDPRO.Sidathyder_SND has backup threshold of 60 minutes and has not performed a backup log operation for 535 minutes. Check agent log and logshipping monitor information.  \n']
['2021-08-05 11:00:16\tSyslog.Info\t172.20.0.10\tAug  5 11:00:02 TMDSSERVER CEF:0', 'Trend Micro', 'Deep Security Agent', '20.0.414', '3002795', 'Microsoft Windows Events', '8', 'cn1=714 cn1Label=Host ID dvc=172.19.0.37 TrendMicroDsTenant=Primary TrendMicroDsTenantId=0 cs1=Multiple Windows error events cs1Label=LI Description fname=Application duser=SQLAgent$SNDPRO shost=SNDDB msg=WinEvtLog: Application: ERROR(14420): MSSQL$SNDPRO: SQLAgent$SNDPRO: NT SERVICE: SNDDB: The log shipping primary database SNDDB\\\\SNDPRO.Sidathyder_SND has backup threshold of 60 minutes and has not performed a backup log operation for 539 minutes. Check agent log and logshipping monitor information.  \n']
['2021-08-05 11:09:58\tSyslog.Info\t172.20.0.10\tAug  5 11:04:00 TMDSSERVER CEF:0', 'Trend Micro', 'Deep Security Agent', '20.0.414', '3002795', 'Microsoft Windows Events', '8', 'cn1=714 cn1Label=Host ID dvc=172.19.0.37 TrendMicroDsTenant=Primary TrendMicroDsTenantId=0 cs1=Multiple Windows error events cs1Label=LI Description fname=Application duser=SQLAgent$SNDPRO shost=SNDDB msg=WinEvtLog: Application: ERROR(14420): MSSQL$SNDPRO: SQLAgent$SNDPRO: NT SERVICE: SNDDB: The log shipping primary database SNDDB\\\\SNDPRO.Sidathyder_SND has backup threshold of 60 minutes and has not performed a backup log operation for 543 minutes. Check agent log and logshipping monitor information.  \n']
['2021-08-05 11:09:58\tSyslog.Info\t172.20.0.10\tAug  5 11:08:02 TMDSSERVER CEF:0', 'Trend Micro', 'Deep Security Agent', '20.0.414', '3002795', 'Microsoft Windows Events', '8', 'cn1=714 cn1Label=Host ID dvc=172.19.0.37 TrendMicroDsTenant=Primary TrendMicroDsTenantId=0 cs1=Multiple Windows error events cs1Label=LI Description fname=Application duser=SQLAgent$SNDPRO shost=SNDDB msg=WinEvtLog: Application: ERROR(14420): MSSQL$SNDPRO: SQLAgent$SNDPRO: NT SERVICE: SNDDB: The log shipping primary database SNDDB\\\\SNDPRO.Sidathyder_SND has backup threshold of 60 minutes and has not performed a backup log operation for 547 minutes. Check agent log and logshipping monitor information.  \n']
['2021-08-05 11:19:10\tSyslog.Info\t172.20.0.10\tAug  5 11:12:04 TMDSSERVER CEF:0', 'Trend Micro', 'Deep Security Agent', '20.0.414', '3002795', 'Microsoft Windows Events', '8', 'cn1=714 cn1Label=Host ID dvc=172.19.0.37 TrendMicroDsTenant=Primary TrendMicroDsTenantId=0 cs1=Multiple Windows error events cs1Label=LI Description fname=Application duser=SQLAgent$SNDPRO shost=SNDDB msg=WinEvtLog: Application: ERROR(14420): MSSQL$SNDPRO: SQLAgent$SNDPRO: NT SERVICE: SNDDB: The log shipping primary database SNDDB\\\\SNDPRO.Sidathyder_SND has backup threshold of 60 minutes and has not performed a backup log operation for 551 minutes. Check agent log and logshipping monitor information.  \n']
['2021-08-05 11:19:10\tSyslog.Info\t172.20.0.10\tAug  5 11:16:02 TMDSSERVER CEF:0', 'Trend Micro', 'Deep Security Agent', '20.0.414', '3002795', 'Microsoft Windows Events', '8', 'cn1=714 cn1Label=Host ID dvc=172.19.0.37 TrendMicroDsTenant=Primary TrendMicroDsTenantId=0 cs1=Multiple Windows error events cs1Label=LI Description fname=Application duser=SQLAgent$SNDPRO shost=SNDDB msg=WinEvtLog: Application: ERROR(14420): MSSQL$SNDPRO: SQLAgent$SNDPRO: NT SERVICE: SNDDB: The log shipping primary database SNDDB\\\\SNDPRO.shipping has backup threshold of 60 minutes and has not performed a backup log operation for 92043 minutes. Check agent log and logshipping monitor information.  \n']
['2021-08-05 11:28:52\tSyslog.Info\t172.20.0.10\tAug  5 11:20:03 TMDSSERVER CEF:0', 'Trend Micro', 'Deep Security Agent', '20.0.414', '3002795', 'Microsoft Windows Events', '8', 'cn1=714 cn1Label=Host ID dvc=172.19.0.37 TrendMicroDsTenant=Primary TrendMicroDsTenantId=0 cs1=Multiple Windows error events cs1Label=LI Description fname=Application duser=SQLAgent$SNDPRO shost=SNDDB msg=WinEvtLog: Application: ERROR(14420): MSSQL$SNDPRO: SQLAgent$SNDPRO: NT SERVICE: SNDDB: The log shipping primary database SNDDB\\\\SNDPRO.shipping has backup threshold of 60 minutes and has not performed a backup log operation for 92047 minutes. Check agent log and logshipping monitor information.  \n']
['2021-08-05 11:28:52\tSyslog.Info\t172.20.0.10\tAug  5 11:24:01 TMDSSERVER CEF:0', 'Trend Micro', 'Deep Security Agent', '20.0.414', '3002795', 'Microsoft Windows Events', '8', 'cn1=714 cn1Label=Host ID dvc=172.19.0.37 TrendMicroDsTenant=Primary TrendMicroDsTenantId=0 cs1=Multiple Windows error events cs1Label=LI Description fname=Application duser=SQLAgent$SNDPRO shost=SNDDB msg=WinEvtLog: Application: ERROR(14420): MSSQL$SNDPRO: SQLAgent$SNDPRO: NT SERVICE: SNDDB: The log shipping primary database SNDDB\\\\SNDPRO.shipping has backup threshold of 60 minutes and has not performed a backup log operation for 92051 minutes. Check agent log and logshipping monitor information.  \n']
['2021-08-05 11:28:52\tSyslog.Info\t172.20.0.10\tAug  5 11:28:03 TMDSSERVER CEF:0', 'Trend Micro', 'Deep Security Agent', '20.0.414', '3002795', 'Microsoft Windows Events', '8', 'cn1=714 cn1Label=Host ID dvc=172.19.0.37 TrendMicroDsTenant=Primary TrendMicroDsTenantId=0 cs1=Multiple Windows error events cs1Label=LI Description fname=Application duser=SQLAgent$SNDPRO shost=SNDDB msg=WinEvtLog: Application: ERROR(14420): MSSQL$SNDPRO: SQLAgent$SNDPRO: NT SERVICE: SNDDB: The log shipping primary database SNDDB\\\\SNDPRO.Sidathyder_SND has backup threshold of 60 minutes and has not performed a backup log operation for 567 minutes. Check agent log and logshipping monitor information.  \n']
['2021-08-05 11:38:19\tSyslog.Info\t172.20.0.10\tAug  5 11:32:29 TMDSSERVER CEF:0', 'Trend Micro', 'Deep Security Agent', '20.0.414', '3002795', 'Microsoft Windows Events', '8', 'cn1=711 cn1Label=Host ID dvc=172.19.0.38 TrendMicroDsTenant=Primary TrendMicroDsTenantId=0 cs1=Multiple Windows Logon Failures cs1Label=LI Description fname=Security src=192.168.10.220 duser= Administrator shost=IMERCHANDISER msg=WinEvtLog: Security: AUDIT_FAILURE(4625): Microsoft-Windows-Security-Auditing: (no user): no domain: IMERCHANDISER: An account failed to log on. Subject:  Security ID:  S-1-0-0  Account Name:  -  Account Domain:  -  Logon ID:  0x0  Logon Type:   3  Account For Which Logon Failed:  Security ID:  S-1-0-0  Account Name:  Administrator  Account Domain:  QLIKVIEW  Failure Information:  Failure Reason:  %%2313  Status:   0xc000006d  Sub Status:  0xc000006a  Process Information:  Caller Process ID: 0x0  Caller Process Name: -  Network Information:  Workstation Name: QLIKVIEW  Source Network Address: 192.168.10.220  Source Port:  58543  Detailed Authentication Information:  Logon Process:  NtLmSsp   Authentication Package: NTLM  Transited Services: -  Package Name (NTLM only): -  Key Length:  0  This event is generated when a logon request fails. It is generated on the computer where access was attempted.  \n']
['2021-08-05 11:38:39\tSyslog.Info\t172.20.0.10\tAug  5 11:32:01 TMDSSERVER CEF:0', 'Trend Micro', 'Deep Security Agent', '20.0.414', '3002795', 'Microsoft Windows Events', '8', 'cn1=714 cn1Label=Host ID dvc=172.19.0.37 TrendMicroDsTenant=Primary TrendMicroDsTenantId=0 cs1=Multiple Windows error events cs1Label=LI Description fname=Application duser=SQLAgent$SNDPRO shost=SNDDB msg=WinEvtLog: Application: ERROR(14420): MSSQL$SNDPRO: SQLAgent$SNDPRO: NT SERVICE: SNDDB: The log shipping primary database SNDDB\\\\SNDPRO.Sidathyder_SND has backup threshold of 60 minutes and has not performed a backup log operation for 571 minutes. Check agent log and logshipping monitor information.  \n']
['2021-08-05 11:38:39\tSyslog.Info\t172.20.0.10\tAug  5 11:36:03 TMDSSERVER CEF:0', 'Trend Micro', 'Deep Security Agent', '20.0.414', '3002795', 'Microsoft Windows Events', '8', 'cn1=714 cn1Label=Host ID dvc=172.19.0.37 TrendMicroDsTenant=Primary TrendMicroDsTenantId=0 cs1=Multiple Windows error events cs1Label=LI Description fname=Application duser=SQLAgent$SNDPRO shost=SNDDB msg=WinEvtLog: Application: ERROR(14420): MSSQL$SNDPRO: SQLAgent$SNDPRO: NT SERVICE: SNDDB: The log shipping primary database SNDDB\\\\SNDPRO.Sidathyder_SND has backup threshold of 60 minutes and has not performed a backup log operation for 575 minutes. Check agent log and logshipping monitor information.  \n']
['2021-08-05 11:48:31\tSyslog.Info\t172.20.0.10\tAug  5 11:40:01 TMDSSERVER CEF:0', 'Trend Micro', 'Deep Security Agent', '20.0.414', '3002795', 'Microsoft Windows Events', '8', 'cn1=714 cn1Label=Host ID dvc=172.19.0.37 TrendMicroDsTenant=Primary TrendMicroDsTenantId=0 cs1=Multiple Windows error events cs1Label=LI Description fname=Application duser=SQLAgent$SNDPRO shost=SNDDB msg=WinEvtLog: Application: ERROR(14420): MSSQL$SNDPRO: SQLAgent$SNDPRO: NT SERVICE: SNDDB: The log shipping primary database SNDDB\\\\SNDPRO.Sidathyder_SND has backup threshold of 60 minutes and has not performed a backup log operation for 579 minutes. Check agent log and logshipping monitor information.  \n']
['2021-08-05 11:48:31\tSyslog.Info\t172.20.0.10\tAug  5 11:44:03 TMDSSERVER CEF:0', 'Trend Micro', 'Deep Security Agent', '20.0.414', '3002795', 'Microsoft Windows Events', '8', 'cn1=714 cn1Label=Host ID dvc=172.19.0.37 TrendMicroDsTenant=Primary TrendMicroDsTenantId=0 cs1=Multiple Windows error events cs1Label=LI Description fname=Application duser=SQLAgent$SNDPRO shost=SNDDB msg=WinEvtLog: Application: ERROR(14420): MSSQL$SNDPRO: SQLAgent$SNDPRO: NT SERVICE: SNDDB: The log shipping primary database SNDDB\\\\SNDPRO.Sidathyder_SND has backup threshold of 60 minutes and has not performed a backup log operation for 583 minutes. Check agent log and logshipping monitor information.  \n']
['2021-08-05 11:48:31\tSyslog.Info\t172.20.0.10\tAug  5 11:48:00 TMDSSERVER CEF:0', 'Trend Micro', 'Deep Security Agent', '20.0.414', '3002795', 'Microsoft Windows Events', '8', 'cn1=714 cn1Label=Host ID dvc=172.19.0.37 TrendMicroDsTenant=Primary TrendMicroDsTenantId=0 cs1=Multiple Windows error events cs1Label=LI Description fname=Application duser=SQLAgent$SNDPRO shost=SNDDB msg=WinEvtLog: Application: ERROR(14420): MSSQL$SNDPRO: SQLAgent$SNDPRO: NT SERVICE: SNDDB: The log shipping primary database SNDDB\\\\SNDPRO.Sidathyder_SND has backup threshold of 60 minutes and has not performed a backup log operation for 587 minutes. Check agent log and logshipping monitor information.  \n']
['2021-08-05 11:58:27\tSyslog.Info\t172.20.0.10\tAug  5 11:52:02 TMDSSERVER CEF:0', 'Trend Micro', 'Deep Security Agent', '20.0.414', '3002795', 'Microsoft Windows Events', '8', 'cn1=714 cn1Label=Host ID dvc=172.19.0.37 TrendMicroDsTenant=Primary TrendMicroDsTenantId=0 cs1=Multiple Windows error events cs1Label=LI Description fname=Application duser=SQLAgent$SNDPRO shost=SNDDB msg=WinEvtLog: Application: ERROR(14420): MSSQL$SNDPRO: SQLAgent$SNDPRO: NT SERVICE: SNDDB: The log shipping primary database SNDDB\\\\SNDPRO.Sidathyder_SND has backup threshold of 60 minutes and has not performed a backup log operation for 591 minutes. Check agent log and logshipping monitor information.  \n']
['2021-08-05 11:58:27\tSyslog.Info\t172.20.0.10\tAug  5 11:56:00 TMDSSERVER CEF:0', 'Trend Micro', 'Deep Security Agent', '20.0.414', '3002795', 'Microsoft Windows Events', '8', 'cn1=714 cn1Label=Host ID dvc=172.19.0.37 TrendMicroDsTenant=Primary TrendMicroDsTenantId=0 cs1=Multiple Windows error events cs1Label=LI Description fname=Application duser=SQLAgent$SNDPRO shost=SNDDB msg=WinEvtLog: Application: ERROR(14420): MSSQL$SNDPRO: SQLAgent$SNDPRO: NT SERVICE: SNDDB: The log shipping primary database SNDDB\\\\SNDPRO.Sidathyder_SND has backup threshold of 60 minutes and has not performed a backup log operation for 595 minutes. Check agent log and logshipping monitor information.  \n']
['2021-08-05 11:59:15\tSyslog.Info\t172.20.0.10\tAug  5 11:51:44 TMDSSERVER CEF:0', 'Trend Micro', 'Deep Security Agent', '20.0.414', '3002795', 'Microsoft Windows Events', '8', 'cn1=711 cn1Label=Host ID dvc=172.19.0.38 TrendMicroDsTenant=Primary TrendMicroDsTenantId=0 cs1=Multiple Windows Logon Failures cs1Label=LI Description fname=Security src=- duser=  shost=IMERCHANDISER msg=WinEvtLog: Security: AUDIT_FAILURE(4625): Microsoft-Windows-Security-Auditing: (no user): no domain: IMERCHANDISER: An account failed to log on. Subject:  Security ID:  S-1-0-0  Account Name:  -  Account Domain:  -  Logon ID:  0x0  Logon Type:   3  Account For Which Logon Failed:  Security ID:  S-1-0-0  Account Name:    Account Domain:    Failure Information:  Failure Reason:  %%2306  Status:   0xc0000192  Sub Status:  0x80090325  Process Information:  Caller Process ID: 0x0  Caller Process Name: -  Network Information:  Workstation Name: -  Source Network Address: -  Source Port:  -  Detailed Authentication Information:  Logon Process:  Schannel  Authentication Package: Microsoft Unified Security Protocol Provider  Transited Services: -  Package Name (NTLM only): -  Key Length:  0  This event is generated when a logon request fails. It is generated on the computer where access was attempted.  \n']
['2021-08-05 12:07:19\tSyslog.Info\t172.20.0.10\tAug  5 11:58:20 TMDSSERVER CEF:0', 'Trend Micro', 'Deep Security Agent', '20.0.414', '3002795', 'Microsoft Windows Events', '8', 'cn1=711 cn1Label=Host ID dvc=172.19.0.38 TrendMicroDsTenant=Primary TrendMicroDsTenantId=0 cs1=Multiple Windows Logon Failures cs1Label=LI Description fname=Security src=172.21.0.73 duser= hali shost=IMERCHANDISER msg=WinEvtLog: Security: AUDIT_FAILURE(4625): Microsoft-Windows-Security-Auditing: (no user): no domain: IMERCHANDISER: An account failed to log on. Subject:  Security ID:  S-1-0-0  Account Name:  -  Account Domain:  -  Logon ID:  0x0  Logon Type:   3  Account For Which Logon Failed:  Security ID:  S-1-0-0  Account Name:  hali  Account Domain:  ISMAILINDUSTRIE  Failure Information:  Failure Reason:  %%2313  Status:   0xc000006d  Sub Status:  0xc0000064  Process Information:  Caller Process ID: 0x0  Caller Process Name: -  Network Information:  Workstation Name: HAIDER-SAP  Source Network Address: 172.21.0.73  Source Port:  59268  Detailed Authentication Information:  Logon Process:  NtLmSsp   Authentication Package: NTLM  Transited Services: -  Package Name (NTLM only): -  Key Length:  0  This event is generated when a logon request fails. It is generated on the computer where access was attempted.  \n']
['2021-08-05 12:08:24\tSyslog.Info\t172.20.0.10\tAug  5 12:00:02 TMDSSERVER CEF:0', 'Trend Micro', 'Deep Security Agent', '20.0.414', '3002795', 'Microsoft Windows Events', '8', 'cn1=714 cn1Label=Host ID dvc=172.19.0.37 TrendMicroDsTenant=Primary TrendMicroDsTenantId=0 cs1=Multiple Windows error events cs1Label=LI Description fname=Application duser=SQLAgent$SNDPRO shost=SNDDB msg=WinEvtLog: Application: ERROR(14420): MSSQL$SNDPRO: SQLAgent$SNDPRO: NT SERVICE: SNDDB: The log shipping primary database SNDDB\\\\SNDPRO.shipping has backup threshold of 60 minutes and has not performed a backup log operation for 92087 minutes. Check agent log and logshipping monitor information.  \n']
['2021-08-05 12:08:24\tSyslog.Info\t172.20.0.10\tAug  5 12:04:00 TMDSSERVER CEF:0', 'Trend Micro', 'Deep Security Agent', '20.0.414', '3002795', 'Microsoft Windows Events', '8', 'cn1=714 cn1Label=Host ID dvc=172.19.0.37 TrendMicroDsTenant=Primary TrendMicroDsTenantId=0 cs1=Multiple Windows error events cs1Label=LI Description fname=Application duser=SQLAgent$SNDPRO shost=SNDDB msg=WinEvtLog: Application: ERROR(14420): MSSQL$SNDPRO: SQLAgent$SNDPRO: NT SERVICE: SNDDB: The log shipping primary database SNDDB\\\\SNDPRO.Ship has backup threshold of 60 minutes and has not performed a backup log operation for 18604 minutes. Check agent log and logshipping monitor information.  \n']
['2021-08-05 12:08:24\tSyslog.Info\t172.20.0.10\tAug  5 12:06:33 TMDSSERVER CEF:0', 'Trend Micro', 'Deep Security Agent', '20.0.414', '3002795', 'Microsoft Windows Events', '8', 'cn1=714 cn1Label=Host ID dvc=172.19.0.37 TrendMicroDsTenant=Primary TrendMicroDsTenantId=0 cs1=Multiple Windows error events cs1Label=LI Description fname=Application duser=(no user) shost=SNDDB msg=WinEvtLog: Application: ERROR(8623): MSSQL$SNDPRO: (no user): no domain: SNDDB: The query processor ran out of internal resources and could not produce a query plan. This is a rare event and only expected for extremely complex queries or queries that reference a very large number of tables or partitions. Please simplify the query. If you believe you have received this message in error, contact Customer Support Services for more information.  \n']
['2021-08-05 12:17:36\tSyslog.Info\t172.20.0.10\tAug  5 12:10:03 TMDSSERVER CEF:0', 'Trend Micro', 'Deep Security Agent', '20.0.414', '3002795', 'Microsoft Windows Events', '8', 'cn1=714 cn1Label=Host ID dvc=172.19.0.37 TrendMicroDsTenant=Primary TrendMicroDsTenantId=0 cs1=Multiple Windows error events cs1Label=LI Description fname=Application duser=SQLAgent$SNDPRO shost=SNDDB msg=WinEvtLog: Application: ERROR(14420): MSSQL$SNDPRO: SQLAgent$SNDPRO: NT SERVICE: SNDDB: The log shipping primary database SNDDB\\\\SNDPRO.Sidathyder_SND has backup threshold of 60 minutes and has not performed a backup log operation for 609 minutes. Check agent log and logshipping monitor information.  \n']
['2021-08-05 12:17:36\tSyslog.Info\t172.20.0.10\tAug  5 12:14:01 TMDSSERVER CEF:0', 'Trend Micro', 'Deep Security Agent', '20.0.414', '3002795', 'Microsoft Windows Events', '8', 'cn1=714 cn1Label=Host ID dvc=172.19.0.37 TrendMicroDsTenant=Primary TrendMicroDsTenantId=0 cs1=Multiple Windows error events cs1Label=LI Description fname=Application duser=SQLAgent$SNDPRO shost=SNDDB msg=WinEvtLog: Application: ERROR(14420): MSSQL$SNDPRO: SQLAgent$SNDPRO: NT SERVICE: SNDDB: The log shipping primary database SNDDB\\\\SNDPRO.Sidathyder_SND has backup threshold of 60 minutes and has not performed a backup log operation for 613 minutes. Check agent log and logshipping monitor information.  \n']
['2021-08-05 12:29:56\tSyslog.Info\t172.20.0.10\tAug  5 12:18:02 TMDSSERVER CEF:0', 'Trend Micro', 'Deep Security Agent', '20.0.414', '3002795', 'Microsoft Windows Events', '8', 'cn1=714 cn1Label=Host ID dvc=172.19.0.37 TrendMicroDsTenant=Primary TrendMicroDsTenantId=0 cs1=Multiple Windows error events cs1Label=LI Description fname=Application duser=SQLAgent$SNDPRO shost=SNDDB msg=WinEvtLog: Application: ERROR(14420): MSSQL$SNDPRO: SQLAgent$SNDPRO: NT SERVICE: SNDDB: The log shipping primary database SNDDB\\\\SNDPRO.shipping has backup threshold of 60 minutes and has not performed a backup log operation for 92105 minutes. Check agent log and logshipping monitor information.  \n']
['2021-08-05 12:29:56\tSyslog.Info\t172.20.0.10\tAug  5 12:22:00 TMDSSERVER CEF:0', 'Trend Micro', 'Deep Security Agent', '20.0.414', '3002795', 'Microsoft Windows Events', '8', 'cn1=714 cn1Label=Host ID dvc=172.19.0.37 TrendMicroDsTenant=Primary TrendMicroDsTenantId=0 cs1=Multiple Windows error events cs1Label=LI Description fname=Application duser=SQLAgent$SNDPRO shost=SNDDB msg=WinEvtLog: Application: ERROR(14420): MSSQL$SNDPRO: SQLAgent$SNDPRO: NT SERVICE: SNDDB: The log shipping primary database SNDDB\\\\SNDPRO.shipping has backup threshold of 60 minutes and has not performed a backup log operation for 92109 minutes. Check agent log and logshipping monitor information.  \n']
['2021-08-05 12:29:56\tSyslog.Info\t172.20.0.10\tAug  5 12:26:02 TMDSSERVER CEF:0', 'Trend Micro', 'Deep Security Agent', '20.0.414', '3002795', 'Microsoft Windows Events', '8', 'cn1=714 cn1Label=Host ID dvc=172.19.0.37 TrendMicroDsTenant=Primary TrendMicroDsTenantId=0 cs1=Multiple Windows error events cs1Label=LI Description fname=Application duser=SQLAgent$SNDPRO shost=SNDDB msg=WinEvtLog: Application: ERROR(14420): MSSQL$SNDPRO: SQLAgent$SNDPRO: NT SERVICE: SNDDB: The log shipping primary database SNDDB\\\\SNDPRO.Sidathyder_SND has backup threshold of 60 minutes and has not performed a backup log operation for 625 minutes. Check agent log and logshipping monitor information.  \n']
['2021-08-05 12:36:24\tSyslog.Info\t172.20.0.10\tAug  5 12:30:04 TMDSSERVER CEF:0', 'Trend Micro', 'Deep Security Agent', '20.0.414', '3002795', 'Microsoft Windows Events', '8', 'cn1=714 cn1Label=Host ID dvc=172.19.0.37 TrendMicroDsTenant=Primary TrendMicroDsTenantId=0 cs1=Multiple Windows error events cs1Label=LI Description fname=Application duser=SQLAgent$SNDPRO shost=SNDDB msg=WinEvtLog: Application: ERROR(14420): MSSQL$SNDPRO: SQLAgent$SNDPRO: NT SERVICE: SNDDB: The log shipping primary database SNDDB\\\\SNDPRO.Sidathyder_SND has backup threshold of 60 minutes and has not performed a backup log operation for 629 minutes. Check agent log and logshipping monitor information.  \n']
['2021-08-05 12:36:24\tSyslog.Info\t172.20.0.10\tAug  5 12:34:02 TMDSSERVER CEF:0', 'Trend Micro', 'Deep Security Agent', '20.0.414', '3002795', 'Microsoft Windows Events', '8', 'cn1=714 cn1Label=Host ID dvc=172.19.0.37 TrendMicroDsTenant=Primary TrendMicroDsTenantId=0 cs1=Multiple Windows error events cs1Label=LI Description fname=Application duser=SQLAgent$SNDPRO shost=SNDDB msg=WinEvtLog: Application: ERROR(14420): MSSQL$SNDPRO: SQLAgent$SNDPRO: NT SERVICE: SNDDB: The log shipping primary database SNDDB\\\\SNDPRO.Sidathyder_SND has backup threshold of 60 minutes and has not performed a backup log operation for 633 minutes. Check agent log and logshipping monitor information.  \n']
['2021-08-05 12:46:36\tSyslog.Info\t172.20.0.10\tAug  5 12:38:00 TMDSSERVER CEF:0', 'Trend Micro', 'Deep Security Agent', '20.0.414', '3002795', 'Microsoft Windows Events', '8', 'cn1=714 cn1Label=Host ID dvc=172.19.0.37 TrendMicroDsTenant=Primary TrendMicroDsTenantId=0 cs1=Multiple Windows error events cs1Label=LI Description fname=Application duser=SQLAgent$SNDPRO shost=SNDDB msg=WinEvtLog: Application: ERROR(14420): MSSQL$SNDPRO: SQLAgent$SNDPRO: NT SERVICE: SNDDB: The log shipping primary database SNDDB\\\\SNDPRO.Sidathyder_SND has backup threshold of 60 minutes and has not performed a backup log operation for 637 minutes. Check agent log and logshipping monitor information.  \n']
['2021-08-05 12:46:36\tSyslog.Info\t172.20.0.10\tAug  5 12:42:02 TMDSSERVER CEF:0', 'Trend Micro', 'Deep Security Agent', '20.0.414', '3002795', 'Microsoft Windows Events', '8', 'cn1=714 cn1Label=Host ID dvc=172.19.0.37 TrendMicroDsTenant=Primary TrendMicroDsTenantId=0 cs1=Multiple Windows error events cs1Label=LI Description fname=Application duser=SQLAgent$SNDPRO shost=SNDDB msg=WinEvtLog: Application: ERROR(14420): MSSQL$SNDPRO: SQLAgent$SNDPRO: NT SERVICE: SNDDB: The log shipping primary database SNDDB\\\\SNDPRO.Sidathyder_SND has backup threshold of 60 minutes and has not performed a backup log operation for 641 minutes. Check agent log and logshipping monitor information.  \n']
['2021-08-05 12:46:36\tSyslog.Info\t172.20.0.10\tAug  5 12:46:03 TMDSSERVER CEF:0', 'Trend Micro', 'Deep Security Agent', '20.0.414', '3002795', 'Microsoft Windows Events', '8', 'cn1=714 cn1Label=Host ID dvc=172.19.0.37 TrendMicroDsTenant=Primary TrendMicroDsTenantId=0 cs1=Multiple Windows error events cs1Label=LI Description fname=Application duser=SQLAgent$SNDPRO shost=SNDDB msg=WinEvtLog: Application: ERROR(14420): MSSQL$SNDPRO: SQLAgent$SNDPRO: NT SERVICE: SNDDB: The log shipping primary database SNDDB\\\\SNDPRO.Sidathyder_SND has backup threshold of 60 minutes and has not performed a backup log operation for 645 minutes. Check agent log and logshipping monitor information.  \n']
['2021-08-05 12:47:41\tSyslog.Info\t172.20.0.10\tAug  5 12:40:14 TMDSSERVER CEF:0', 'Trend Micro', 'Deep Security Agent', '20.0.414', '3002795', 'Microsoft Windows Events', '8', 'cn1=710 cn1Label=Host ID dvc=172.19.0.35 TrendMicroDsTenant=Primary TrendMicroDsTenantId=0 cs1=Multiple Windows Logon Failures cs1Label=LI Description fname=Security src=192.168.10.220 duser= Administrator shost=innovation msg=WinEvtLog: Security: AUDIT_FAILURE(4625): Microsoft-Windows-Security-Auditing: (no user): no domain: innovation: An account failed to log on. Subject:  Security ID:  S-1-0-0  Account Name:  -  Account Domain:  -  Logon ID:  0x0  Logon Type:   3  Account For Which Logon Failed:  Security ID:  S-1-0-0  Account Name:  Administrator  Account Domain:  QLIKVIEW  Failure Information:  Failure Reason:  %%2313  Status:   0xc000006d  Sub Status:  0xc000006a  Process Information:  Caller Process ID: 0x0  Caller Process Name: -  Network Information:  Workstation Name: QLIKVIEW  Source Network Address: 192.168.10.220  Source Port:  56671  Detailed Authentication Information:  Logon Process:  NtLmSsp   Authentication Package: NTLM  Transited Services: -  Package Name (NTLM only): -  Key Length:  0  This event is generated when a logon request fails. It is generated on the computer where access was attempted.  \n']
['2021-08-05 12:47:41\tSyslog.Info\t172.20.0.10\tAug  5 12:44:03 TMDSSERVER CEF:0', 'Trend Micro', 'Deep Security Agent', '20.0.414', '3002795', 'Microsoft Windows Events', '8', 'cn1=710 cn1Label=Host ID dvc=172.19.0.35 TrendMicroDsTenant=Primary TrendMicroDsTenantId=0 cs1=Multiple Windows Logon Failures cs1Label=LI Description fname=Security src=192.168.10.220 duser= Administrator shost=innovation msg=WinEvtLog: Security: AUDIT_FAILURE(4625): Microsoft-Windows-Security-Auditing: (no user): no domain: innovation: An account failed to log on. Subject:  Security ID:  S-1-0-0  Account Name:  -  Account Domain:  -  Logon ID:  0x0  Logon Type:   3  Account For Which Logon Failed:  Security ID:  S-1-0-0  Account Name:  Administrator  Account Domain:  QLIKVIEW  Failure Information:  Failure Reason:  %%2313  Status:   0xc000006d  Sub Status:  0xc000006a  Process Information:  Caller Process ID: 0x0  Caller Process Name: -  Network Information:  Workstation Name: QLIKVIEW  Source Network Address: 192.168.10.220  Source Port:  61883  Detailed Authentication Information:  Logon Process:  NtLmSsp   Authentication Package: NTLM  Transited Services: -  Package Name (NTLM only): -  Key Length:  0  This event is generated when a logon request fails. It is generated on the computer where access was attempted.  \n']
['2021-08-05 12:47:41\tSyslog.Info\t172.20.0.10\tAug  5 12:46:04 TMDSSERVER CEF:0', 'Trend Micro', 'Deep Security Agent', '20.0.414', '3002795', 'Microsoft Windows Events', '8', 'cn1=710 cn1Label=Host ID dvc=172.19.0.35 TrendMicroDsTenant=Primary TrendMicroDsTenantId=0 cs1=Multiple Windows Logon Failures cs1Label=LI Description fname=Security src=192.168.10.220 duser= Administrator shost=innovation msg=WinEvtLog: Security: AUDIT_FAILURE(4625): Microsoft-Windows-Security-Auditing: (no user): no domain: innovation: An account failed to log on. Subject:  Security ID:  S-1-0-0  Account Name:  -  Account Domain:  -  Logon ID:  0x0  Logon Type:   3  Account For Which Logon Failed:  Security ID:  S-1-0-0  Account Name:  Administrator  Account Domain:  QLIKVIEW  Failure Information:  Failure Reason:  %%2313  Status:   0xc000006d  Sub Status:  0xc000006a  Process Information:  Caller Process ID: 0x0  Caller Process Name: -  Network Information:  Workstation Name: QLIKVIEW  Source Network Address: 192.168.10.220  Source Port:  60324  Detailed Authentication Information:  Logon Process:  NtLmSsp   Authentication Package: NTLM  Transited Services: -  Package Name (NTLM only): -  Key Length:  0  This event is generated when a logon request fails. It is generated on the computer where access was attempted.  \n']
['2021-08-05 12:47:41\tSyslog.Info\t172.20.0.10\tAug  5 12:46:28 TMDSSERVER CEF:0', 'Trend Micro', 'Deep Security Agent', '20.0.414', '3002795', 'Microsoft Windows Events', '8', 'cn1=710 cn1Label=Host ID dvc=172.19.0.35 TrendMicroDsTenant=Primary TrendMicroDsTenantId=0 cs1=Multiple Windows Logon Failures cs1Label=LI Description fname=Security src=192.168.10.220 duser= dev3 shost=innovation msg=WinEvtLog: Security: AUDIT_FAILURE(4625): Microsoft-Windows-Security-Auditing: (no user): no domain: innovation: An account failed to log on. Subject:  Security ID:  S-1-0-0  Account Name:  -  Account Domain:  -  Logon ID:  0x0  Logon Type:   3  Account For Which Logon Failed:  Security ID:  S-1-0-0  Account Name:  dev3  Account Domain:  QLIKVIEW  Failure Information:  Failure Reason:  %%2313  Status:   0xc000006d  Sub Status:  0xc0000064  Process Information:  Caller Process ID: 0x0  Caller Process Name: -  Network Information:  Workstation Name: QLIKVIEW  Source Network Address: 192.168.10.220  Source Port:  53400  Detailed Authentication Information:  Logon Process:  NtLmSsp   Authentication Package: NTLM  Transited Services: -  Package Name (NTLM only): -  Key Length:  0  This event is generated when a logon request fails. It is generated on the computer where access was attempted.  \n']
['2021-08-05 12:55:48\tSyslog.Info\t172.20.0.10\tAug  5 12:50:01 TMDSSERVER CEF:0', 'Trend Micro', 'Deep Security Agent', '20.0.414', '3002795', 'Microsoft Windows Events', '8', 'cn1=714 cn1Label=Host ID dvc=172.19.0.37 TrendMicroDsTenant=Primary TrendMicroDsTenantId=0 cs1=Multiple Windows error events cs1Label=LI Description fname=Application duser=SQLAgent$SNDPRO shost=SNDDB msg=WinEvtLog: Application: ERROR(14420): MSSQL$SNDPRO: SQLAgent$SNDPRO: NT SERVICE: SNDDB: The log shipping primary database SNDDB\\\\SNDPRO.Sidathyder_SND has backup threshold of 60 minutes and has not performed a backup log operation for 649 minutes. Check agent log and logshipping monitor information.  \n']
['2021-08-05 12:55:48\tSyslog.Info\t172.20.0.10\tAug  5 12:54:03 TMDSSERVER CEF:0', 'Trend Micro', 'Deep Security Agent', '20.0.414', '3002795', 'Microsoft Windows Events', '8', 'cn1=714 cn1Label=Host ID dvc=172.19.0.37 TrendMicroDsTenant=Primary TrendMicroDsTenantId=0 cs1=Multiple Windows error events cs1Label=LI Description fname=Application duser=SQLAgent$SNDPRO shost=SNDDB msg=WinEvtLog: Application: ERROR(14420): MSSQL$SNDPRO: SQLAgent$SNDPRO: NT SERVICE: SNDDB: The log shipping primary database SNDDB\\\\SNDPRO.shipping has backup threshold of 60 minutes and has not performed a backup log operation for 92141 minutes. Check agent log and logshipping monitor information.  \n']
['2021-08-05 12:57:23\tSyslog.Info\t172.20.0.10\tAug  5 12:47:57 TMDSSERVER CEF:0', 'Trend Micro', 'Deep Security Agent', '20.0.414', '3002795', 'Microsoft Windows Events', '8', 'cn1=710 cn1Label=Host ID dvc=172.19.0.35 TrendMicroDsTenant=Primary TrendMicroDsTenantId=0 cs1=Multiple Windows Logon Failures cs1Label=LI Description fname=Security src=192.168.10.220 duser= Administrator shost=innovation msg=WinEvtLog: Security: AUDIT_FAILURE(4625): Microsoft-Windows-Security-Auditing: (no user): no domain: innovation: An account failed to log on. Subject:  Security ID:  S-1-0-0  Account Name:  -  Account Domain:  -  Logon ID:  0x0  Logon Type:   3  Account For Which Logon Failed:  Security ID:  S-1-0-0  Account Name:  Administrator  Account Domain:  QLIKVIEW  Failure Information:  Failure Reason:  %%2313  Status:   0xc000006d  Sub Status:  0xc000006a  Process Information:  Caller Process ID: 0x0  Caller Process Name: -  Network Information:  Workstation Name: QLIKVIEW  Source Network Address: 192.168.10.220  Source Port:  64305  Detailed Authentication Information:  Logon Process:  NtLmSsp   Authentication Package: NTLM  Transited Services: -  Package Name (NTLM only): -  Key Length:  0  This event is generated when a logon request fails. It is generated on the computer where access was attempted.  \n']
['2021-08-05 13:05:19\tSyslog.Info\t172.20.0.10\tAug  5 12:58:01 TMDSSERVER CEF:0', 'Trend Micro', 'Deep Security Agent', '20.0.414', '3002795', 'Microsoft Windows Events', '8', 'cn1=714 cn1Label=Host ID dvc=172.19.0.37 TrendMicroDsTenant=Primary TrendMicroDsTenantId=0 cs1=Multiple Windows error events cs1Label=LI Description fname=Application duser=SQLAgent$SNDPRO shost=SNDDB msg=WinEvtLog: Application: ERROR(14420): MSSQL$SNDPRO: SQLAgent$SNDPRO: NT SERVICE: SNDDB: The log shipping primary database SNDDB\\\\SNDPRO.shipping has backup threshold of 60 minutes and has not performed a backup log operation for 92145 minutes. Check agent log and logshipping monitor information.  \n']
['2021-08-05 13:05:19\tSyslog.Info\t172.20.0.10\tAug  5 13:02:03 TMDSSERVER CEF:0', 'Trend Micro', 'Deep Security Agent', '20.0.414', '3002795', 'Microsoft Windows Events', '8', 'cn1=714 cn1Label=Host ID dvc=172.19.0.37 TrendMicroDsTenant=Primary TrendMicroDsTenantId=0 cs1=Multiple Windows error events cs1Label=LI Description fname=Application duser=SQLAgent$SNDPRO shost=SNDDB msg=WinEvtLog: Application: ERROR(14420): MSSQL$SNDPRO: SQLAgent$SNDPRO: NT SERVICE: SNDDB: The log shipping primary database SNDDB\\\\SNDPRO.Sidathyder_SND has backup threshold of 60 minutes and has not performed a backup log operation for 661 minutes. Check agent log and logshipping monitor information.  \n']
['2021-08-05 13:07:15\tSyslog.Info\t172.20.0.10\tAug  5 13:04:16 TMDSSERVER CEF:0', 'Trend Micro', 'Deep Security Agent', '20.0.414', '3002795', 'Microsoft Windows Events', '8', 'cn1=710 cn1Label=Host ID dvc=172.19.0.35 TrendMicroDsTenant=Primary TrendMicroDsTenantId=0 cs1=Multiple Windows Logon Failures cs1Label=LI Description fname=Security src=192.168.10.220 duser= Administrator shost=innovation msg=WinEvtLog: Security: AUDIT_FAILURE(4625): Microsoft-Windows-Security-Auditing: (no user): no domain: innovation: An account failed to log on. Subject:  Security ID:  S-1-0-0  Account Name:  -  Account Domain:  -  Logon ID:  0x0  Logon Type:   3  Account For Which Logon Failed:  Security ID:  S-1-0-0  Account Name:  Administrator  Account Domain:  QLIKVIEW  Failure Information:  Failure Reason:  %%2313  Status:   0xc000006d  Sub Status:  0xc000006a  Process Information:  Caller Process ID: 0x0  Caller Process Name: -  Network Information:  Workstation Name: QLIKVIEW  Source Network Address: 192.168.10.220  Source Port:  50262  Detailed Authentication Information:  Logon Process:  NtLmSsp   Authentication Package: NTLM  Transited Services: -  Package Name (NTLM only): -  Key Length:  0  This event is generated when a logon request fails. It is generated on the computer where access was attempted.  \n']
['2021-08-05 13:07:15\tSyslog.Info\t172.20.0.10\tAug  5 13:04:44 TMDSSERVER CEF:0', 'Trend Micro', 'Deep Security Agent', '20.0.414', '3002795', 'Microsoft Windows Events', '8', 'cn1=710 cn1Label=Host ID dvc=172.19.0.35 TrendMicroDsTenant=Primary TrendMicroDsTenantId=0 cs1=Multiple Windows Logon Failures cs1Label=LI Description fname=Security src=192.168.10.220 duser= Administrator shost=innovation msg=WinEvtLog: Security: AUDIT_FAILURE(4625): Microsoft-Windows-Security-Auditing: (no user): no domain: innovation: An account failed to log on. Subject:  Security ID:  S-1-0-0  Account Name:  -  Account Domain:  -  Logon ID:  0x0  Logon Type:   3  Account For Which Logon Failed:  Security ID:  S-1-0-0  Account Name:  Administrator  Account Domain:  QLIKVIEW  Failure Information:  Failure Reason:  %%2313  Status:   0xc000006d  Sub Status:  0xc000006a  Process Information:  Caller Process ID: 0x0  Caller Process Name: -  Network Information:  Workstation Name: QLIKVIEW  Source Network Address: 192.168.10.220  Source Port:  63065  Detailed Authentication Information:  Logon Process:  NtLmSsp   Authentication Package: NTLM  Transited Services: -  Package Name (NTLM only): -  Key Length:  0  This event is generated when a logon request fails. It is generated on the computer where access was attempted.  \n']
['2021-08-05 13:07:15\tSyslog.Info\t172.20.0.10\tAug  5 13:06:29 TMDSSERVER CEF:0', 'Trend Micro', 'Deep Security Agent', '20.0.414', '3002795', 'Microsoft Windows Events', '8', 'cn1=710 cn1Label=Host ID dvc=172.19.0.35 TrendMicroDsTenant=Primary TrendMicroDsTenantId=0 cs1=Multiple Windows Logon Failures cs1Label=LI Description fname=Security src=192.168.10.220 duser= dev3 shost=innovation msg=WinEvtLog: Security: AUDIT_FAILURE(4625): Microsoft-Windows-Security-Auditing: (no user): no domain: innovation: An account failed to log on. Subject:  Security ID:  S-1-0-0  Account Name:  -  Account Domain:  -  Logon ID:  0x0  Logon Type:   3  Account For Which Logon Failed:  Security ID:  S-1-0-0  Account Name:  dev3  Account Domain:  QLIKVIEW  Failure Information:  Failure Reason:  %%2313  Status:   0xc000006d  Sub Status:  0xc0000064  Process Information:  Caller Process ID: 0x0  Caller Process Name: -  Network Information:  Workstation Name: QLIKVIEW  Source Network Address: 192.168.10.220  Source Port:  55832  Detailed Authentication Information:  Logon Process:  NtLmSsp   Authentication Package: NTLM  Transited Services: -  Package Name (NTLM only): -  Key Length:  0  This event is generated when a logon request fails. It is generated on the computer where access was attempted.  \n']
