['2021-08-05 13:14:46\tSyslog.Info\t172.20.0.10\tAug  5 13:06:01 TMDSSERVER CEF:0', 'Trend Micro', 'Deep Security Agent', '20.0.414', '3002795', 'Microsoft Windows Events', '8', 'cn1=714 cn1Label=Host ID dvc=172.19.0.37 TrendMicroDsTenant=Primary TrendMicroDsTenantId=0 cs1=Multiple Windows error events cs1Label=LI Description fname=Application duser=SQLAgent$SNDPRO shost=SNDDB msg=WinEvtLog: Application: ERROR(14420): MSSQL$SNDPRO: SQLAgent$SNDPRO: NT SERVICE: SNDDB: The log shipping primary database SNDDB\\\\SNDPRO.shipping has backup threshold of 60 minutes and has not performed a backup log operation for 92153 minutes. Check agent log and logshipping monitor information.  \n']
['2021-08-05 13:14:46\tSyslog.Info\t172.20.0.10\tAug  5 13:10:02 TMDSSERVER CEF:0', 'Trend Micro', 'Deep Security Agent', '20.0.414', '3002795', 'Microsoft Windows Events', '8', 'cn1=714 cn1Label=Host ID dvc=172.19.0.37 TrendMicroDsTenant=Primary TrendMicroDsTenantId=0 cs1=Multiple Windows error events cs1Label=LI Description fname=Application duser=SQLAgent$SNDPRO shost=SNDDB msg=WinEvtLog: Application: ERROR(14420): MSSQL$SNDPRO: SQLAgent$SNDPRO: NT SERVICE: SNDDB: The log shipping primary database SNDDB\\\\SNDPRO.Sidathyder_SND has backup threshold of 60 minutes and has not performed a backup log operation for 669 minutes. Check agent log and logshipping monitor information.  \n']
['2021-08-05 13:14:46\tSyslog.Info\t172.20.0.10\tAug  5 13:14:00 TMDSSERVER CEF:0', 'Trend Micro', 'Deep Security Agent', '20.0.414', '3002795', 'Microsoft Windows Events', '8', 'cn1=714 cn1Label=Host ID dvc=172.19.0.37 TrendMicroDsTenant=Primary TrendMicroDsTenantId=0 cs1=Multiple Windows error events cs1Label=LI Description fname=Application duser=SQLAgent$SNDPRO shost=SNDDB msg=WinEvtLog: Application: ERROR(14420): MSSQL$SNDPRO: SQLAgent$SNDPRO: NT SERVICE: SNDDB: The log shipping primary database SNDDB\\\\SNDPRO.shipping has backup threshold of 60 minutes and has not performed a backup log operation for 92161 minutes. Check agent log and logshipping monitor information.  \n']
['2021-08-05 13:24:13\tSyslog.Info\t172.20.0.10\tAug  5 13:18:02 TMDSSERVER CEF:0', 'Trend Micro', 'Deep Security Agent', '20.0.414', '3002795', 'Microsoft Windows Events', '8', 'cn1=714 cn1Label=Host ID dvc=172.19.0.37 TrendMicroDsTenant=Primary TrendMicroDsTenantId=0 cs1=Multiple Windows error events cs1Label=LI Description fname=Application duser=SQLAgent$SNDPRO shost=SNDDB msg=WinEvtLog: Application: ERROR(14420): MSSQL$SNDPRO: SQLAgent$SNDPRO: NT SERVICE: SNDDB: The log shipping primary database SNDDB\\\\SNDPRO.shipping has backup threshold of 60 minutes and has not performed a backup log operation for 92165 minutes. Check agent log and logshipping monitor information.  \n']
['2021-08-05 13:24:13\tSyslog.Info\t172.20.0.10\tAug  5 13:22:04 TMDSSERVER CEF:0', 'Trend Micro', 'Deep Security Agent', '20.0.414', '3002795', 'Microsoft Windows Events', '8', 'cn1=714 cn1Label=Host ID dvc=172.19.0.37 TrendMicroDsTenant=Primary TrendMicroDsTenantId=0 cs1=Multiple Windows error events cs1Label=LI Description fname=Application duser=SQLAgent$SNDPRO shost=SNDDB msg=WinEvtLog: Application: ERROR(14420): MSSQL$SNDPRO: SQLAgent$SNDPRO: NT SERVICE: SNDDB: The log shipping primary database SNDDB\\\\SNDPRO.Sidathyder_SND has backup threshold of 60 minutes and has not performed a backup log operation for 681 minutes. Check agent log and logshipping monitor information.  \n']
['2021-08-05 13:33:50\tSyslog.Info\t172.20.0.10\tAug  5 13:26:02 TMDSSERVER CEF:0', 'Trend Micro', 'Deep Security Agent', '20.0.414', '3002795', 'Microsoft Windows Events', '8', 'cn1=714 cn1Label=Host ID dvc=172.19.0.37 TrendMicroDsTenant=Primary TrendMicroDsTenantId=0 cs1=Multiple Windows error events cs1Label=LI Description fname=Application duser=SQLAgent$SNDPRO shost=SNDDB msg=WinEvtLog: Application: ERROR(14420): MSSQL$SNDPRO: SQLAgent$SNDPRO: NT SERVICE: SNDDB: The log shipping primary database SNDDB\\\\SNDPRO.Sidathyder_SND has backup threshold of 60 minutes and has not performed a backup log operation for 685 minutes. Check agent log and logshipping monitor information.  \n']
['2021-08-05 13:33:50\tSyslog.Info\t172.20.0.10\tAug  5 13:30:00 TMDSSERVER CEF:0', 'Trend Micro', 'Deep Security Agent', '20.0.414', '3002795', 'Microsoft Windows Events', '8', 'cn1=714 cn1Label=Host ID dvc=172.19.0.37 TrendMicroDsTenant=Primary TrendMicroDsTenantId=0 cs1=Multiple Windows error events cs1Label=LI Description fname=Application duser=SQLAgent$SNDPRO shost=SNDDB msg=WinEvtLog: Application: ERROR(14420): MSSQL$SNDPRO: SQLAgent$SNDPRO: NT SERVICE: SNDDB: The log shipping primary database SNDDB\\\\SNDPRO.shipping has backup threshold of 60 minutes and has not performed a backup log operation for 92177 minutes. Check agent log and logshipping monitor information.  \n']
['2021-08-05 13:35:40\tSyslog.Info\t172.20.0.10\tAug  5 13:29:48 TMDSSERVER CEF:0', 'Trend Micro', 'Deep Security Agent', '20.0.414', '3002795', 'Microsoft Windows Events', '8', 'cn1=710 cn1Label=Host ID dvc=172.19.0.35 TrendMicroDsTenant=Primary TrendMicroDsTenantId=0 cs1=Multiple Windows Logon Failures cs1Label=LI Description fname=Security src=192.168.10.220 duser= Administrator shost=innovation msg=WinEvtLog: Security: AUDIT_FAILURE(4625): Microsoft-Windows-Security-Auditing: (no user): no domain: innovation: An account failed to log on. Subject:  Security ID:  S-1-0-0  Account Name:  -  Account Domain:  -  Logon ID:  0x0  Logon Type:   3  Account For Which Logon Failed:  Security ID:  S-1-0-0  Account Name:  Administrator  Account Domain:  QLIKVIEW  Failure Information:  Failure Reason:  %%2313  Status:   0xc000006d  Sub Status:  0xc000006a  Process Information:  Caller Process ID: 0x0  Caller Process Name: -  Network Information:  Workstation Name: QLIKVIEW  Source Network Address: 192.168.10.220  Source Port:  53978  Detailed Authentication Information:  Logon Process:  NtLmSsp   Authentication Package: NTLM  Transited Services: -  Package Name (NTLM only): -  Key Length:  0  This event is generated when a logon request fails. It is generated on the computer where access was attempted.  \n']
['2021-08-05 13:43:01\tSyslog.Info\t172.20.0.10\tAug  5 13:34:02 TMDSSERVER CEF:0', 'Trend Micro', 'Deep Security Agent', '20.0.414', '3002795', 'Microsoft Windows Events', '8', 'cn1=714 cn1Label=Host ID dvc=172.19.0.37 TrendMicroDsTenant=Primary TrendMicroDsTenantId=0 cs1=Multiple Windows error events cs1Label=LI Description fname=Application duser=SQLAgent$SNDPRO shost=SNDDB msg=WinEvtLog: Application: ERROR(14420): MSSQL$SNDPRO: SQLAgent$SNDPRO: NT SERVICE: SNDDB: The log shipping primary database SNDDB\\\\SNDPRO.Sidathyder_SND has backup threshold of 60 minutes and has not performed a backup log operation for 693 minutes. Check agent log and logshipping monitor information.  \n']
['2021-08-05 13:43:01\tSyslog.Info\t172.20.0.10\tAug  5 13:38:03 TMDSSERVER CEF:0', 'Trend Micro', 'Deep Security Agent', '20.0.414', '3002795', 'Microsoft Windows Events', '8', 'cn1=714 cn1Label=Host ID dvc=172.19.0.37 TrendMicroDsTenant=Primary TrendMicroDsTenantId=0 cs1=Multiple Windows error events cs1Label=LI Description fname=Application duser=SQLAgent$SNDPRO shost=SNDDB msg=WinEvtLog: Application: ERROR(14420): MSSQL$SNDPRO: SQLAgent$SNDPRO: NT SERVICE: SNDDB: The log shipping primary database SNDDB\\\\SNDPRO.Sidathyder_SND has backup threshold of 60 minutes and has not performed a backup log operation for 697 minutes. Check agent log and logshipping monitor information.  \n']
['2021-08-05 13:43:01\tSyslog.Info\t172.20.0.10\tAug  5 13:42:01 TMDSSERVER CEF:0', 'Trend Micro', 'Deep Security Agent', '20.0.414', '3002795', 'Microsoft Windows Events', '8', 'cn1=714 cn1Label=Host ID dvc=172.19.0.37 TrendMicroDsTenant=Primary TrendMicroDsTenantId=0 cs1=Multiple Windows error events cs1Label=LI Description fname=Application duser=SQLAgent$SNDPRO shost=SNDDB msg=WinEvtLog: Application: ERROR(14420): MSSQL$SNDPRO: SQLAgent$SNDPRO: NT SERVICE: SNDDB: The log shipping primary database SNDDB\\\\SNDPRO.Sidathyder_SND has backup threshold of 60 minutes and has not performed a backup log operation for 701 minutes. Check agent log and logshipping monitor information.  \n']
['2021-08-05 13:52:43\tSyslog.Info\t172.20.0.10\tAug  5 13:46:03 TMDSSERVER CEF:0', 'Trend Micro', 'Deep Security Agent', '20.0.414', '3002795', 'Microsoft Windows Events', '8', 'cn1=714 cn1Label=Host ID dvc=172.19.0.37 TrendMicroDsTenant=Primary TrendMicroDsTenantId=0 cs1=Multiple Windows error events cs1Label=LI Description fname=Application duser=SQLAgent$SNDPRO shost=SNDDB msg=WinEvtLog: Application: ERROR(14420): MSSQL$SNDPRO: SQLAgent$SNDPRO: NT SERVICE: SNDDB: The log shipping primary database SNDDB\\\\SNDPRO.Sidathyder_SND has backup threshold of 60 minutes and has not performed a backup log operation for 705 minutes. Check agent log and logshipping monitor information.  \n']
['2021-08-05 13:52:43\tSyslog.Info\t172.20.0.10\tAug  5 13:50:01 TMDSSERVER CEF:0', 'Trend Micro', 'Deep Security Agent', '20.0.414', '3002795', 'Microsoft Windows Events', '8', 'cn1=714 cn1Label=Host ID dvc=172.19.0.37 TrendMicroDsTenant=Primary TrendMicroDsTenantId=0 cs1=Multiple Windows error events cs1Label=LI Description fname=Application duser=SQLAgent$SNDPRO shost=SNDDB msg=WinEvtLog: Application: ERROR(14420): MSSQL$SNDPRO: SQLAgent$SNDPRO: NT SERVICE: SNDDB: The log shipping primary database SNDDB\\\\SNDPRO.Sidathyder_SND has backup threshold of 60 minutes and has not performed a backup log operation for 709 minutes. Check agent log and logshipping monitor information.  \n']
['2021-08-05 14:01:49\tSyslog.Info\t172.20.0.10\tAug  5 13:54:03 TMDSSERVER CEF:0', 'Trend Micro', 'Deep Security Agent', '20.0.414', '3002795', 'Microsoft Windows Events', '8', 'cn1=714 cn1Label=Host ID dvc=172.19.0.37 TrendMicroDsTenant=Primary TrendMicroDsTenantId=0 cs1=Multiple Windows error events cs1Label=LI Description fname=Application duser=SQLAgent$SNDPRO shost=SNDDB msg=WinEvtLog: Application: ERROR(14420): MSSQL$SNDPRO: SQLAgent$SNDPRO: NT SERVICE: SNDDB: The log shipping primary database SNDDB\\\\SNDPRO.Sidathyder_SND has backup threshold of 60 minutes and has not performed a backup log operation for 713 minutes. Check agent log and logshipping monitor information.  \n']
['2021-08-05 14:01:49\tSyslog.Info\t172.20.0.10\tAug  5 13:58:01 TMDSSERVER CEF:0', 'Trend Micro', 'Deep Security Agent', '20.0.414', '3002795', 'Microsoft Windows Events', '8', 'cn1=714 cn1Label=Host ID dvc=172.19.0.37 TrendMicroDsTenant=Primary TrendMicroDsTenantId=0 cs1=Multiple Windows error events cs1Label=LI Description fname=Application duser=SQLAgent$SNDPRO shost=SNDDB msg=WinEvtLog: Application: ERROR(14420): MSSQL$SNDPRO: SQLAgent$SNDPRO: NT SERVICE: SNDDB: The log shipping primary database SNDDB\\\\SNDPRO.Sidathyder_SND has backup threshold of 60 minutes and has not performed a backup log operation for 717 minutes. Check agent log and logshipping monitor information.  \n']
['2021-08-05 14:02:45\tSyslog.Info\t172.20.0.10\tAug  5 13:56:14 TMDSSERVER CEF:0', 'Trend Micro', 'Deep Security Agent', '20.0.414', '3002795', 'Microsoft Windows Events', '8', 'cn1=711 cn1Label=Host ID dvc=172.19.0.38 TrendMicroDsTenant=Primary TrendMicroDsTenantId=0 cs1=Multiple Windows Logon Failures cs1Label=LI Description fname=Security src=192.168.10.220 duser= Administrator shost=IMERCHANDISER msg=WinEvtLog: Security: AUDIT_FAILURE(4625): Microsoft-Windows-Security-Auditing: (no user): no domain: IMERCHANDISER: An account failed to log on. Subject:  Security ID:  S-1-0-0  Account Name:  -  Account Domain:  -  Logon ID:  0x0  Logon Type:   3  Account For Which Logon Failed:  Security ID:  S-1-0-0  Account Name:  Administrator  Account Domain:  QLIKVIEW  Failure Information:  Failure Reason:  %%2313  Status:   0xc000006d  Sub Status:  0xc000006a  Process Information:  Caller Process ID: 0x0  Caller Process Name: -  Network Information:  Workstation Name: QLIKVIEW  Source Network Address: 192.168.10.220  Source Port:  62791  Detailed Authentication Information:  Logon Process:  NtLmSsp   Authentication Package: NTLM  Transited Services: -  Package Name (NTLM only): -  Key Length:  0  This event is generated when a logon request fails. It is generated on the computer where access was attempted.  \n']
['2021-08-05 14:04:30\tSyslog.Info\t172.20.0.10\tAug  5 14:01:19 TMDSSERVER CEF:0', 'Trend Micro', 'Deep Security Agent', '20.0.414', '3002795', 'Microsoft Windows Events', '8', 'cn1=717 cn1Label=Host ID dvc=172.19.0.39 TrendMicroDsTenant=Primary TrendMicroDsTenantId=0 cs1=Multiple Windows Logon Failures cs1Label=LI Description fname=Security src=172.21.0.189 duser= Administrator shost=QVSERVER msg=WinEvtLog: Security: AUDIT_FAILURE(4625): Microsoft-Windows-Security-Auditing: (no user): no domain: QVSERVER: An account failed to log on. Subject:  Security ID:  S-1-0-0  Account Name:  -  Account Domain:  -  Logon ID:  0x0  Logon Type:   3  Account For Which Logon Failed:  Security ID:  S-1-0-0  Account Name:  Administrator  Account Domain:  TARIQ-SND  Failure Information:  Failure Reason:  %%2313  Status:   0xc000006d  Sub Status:  0xc000006a  Process Information:  Caller Process ID: 0x0  Caller Process Name: -  Network Information:  Workstation Name: TARIQ-SND  Source Network Address: 172.21.0.189  Source Port:  63721  Detailed Authentication Information:  Logon Process:  NtLmSsp   Authentication Package: NTLM  Transited Services: -  Package Name (NTLM only): -  Key Length:  0  This event is generated when a logon request fails. It is generated on the computer where access was attempted.  \n']
['2021-08-05 14:08:16\tSyslog.Info\t172.20.0.10\tAug  5 13:58:52 TMDSSERVER CEF:0', 'Trend Micro', 'Deep Security Agent', '20.0.414', '3002795', 'Microsoft Windows Events', '8', 'cn1=708 cn1Label=Host ID dvc=192.168.10.220 TrendMicroDsTenant=Primary TrendMicroDsTenantId=0 cs1=Multiple Windows error events cs1Label=LI Description fname=System duser=SYSTEM shost=QlikView msg=WinEvtLog: System: ERROR(36887): Schannel: SYSTEM: NT AUTHORITY: QlikView: A fatal alert was received from the remote endpoint. The TLS protocol defined fatal alert code is 70.  \n']
['2021-08-05 14:11:01\tSyslog.Info\t172.20.0.10\tAug  5 14:02:03 TMDSSERVER CEF:0', 'Trend Micro', 'Deep Security Agent', '20.0.414', '3002795', 'Microsoft Windows Events', '8', 'cn1=714 cn1Label=Host ID dvc=172.19.0.37 TrendMicroDsTenant=Primary TrendMicroDsTenantId=0 cs1=Multiple Windows error events cs1Label=LI Description fname=Application duser=SQLAgent$SNDPRO shost=SNDDB msg=WinEvtLog: Application: ERROR(14420): MSSQL$SNDPRO: SQLAgent$SNDPRO: NT SERVICE: SNDDB: The log shipping primary database SNDDB\\\\SNDPRO.Sidathyder_SND has backup threshold of 60 minutes and has not performed a backup log operation for 721 minutes. Check agent log and logshipping monitor information.  \n']
['2021-08-05 14:11:01\tSyslog.Info\t172.20.0.10\tAug  5 14:06:00 TMDSSERVER CEF:0', 'Trend Micro', 'Deep Security Agent', '20.0.414', '3002795', 'Microsoft Windows Events', '8', 'cn1=714 cn1Label=Host ID dvc=172.19.0.37 TrendMicroDsTenant=Primary TrendMicroDsTenantId=0 cs1=Multiple Windows error events cs1Label=LI Description fname=Application duser=SQLAgent$SNDPRO shost=SNDDB msg=WinEvtLog: Application: ERROR(14420): MSSQL$SNDPRO: SQLAgent$SNDPRO: NT SERVICE: SNDDB: The log shipping primary database SNDDB\\\\SNDPRO.Sidathyder_SND has backup threshold of 60 minutes and has not performed a backup log operation for 725 minutes. Check agent log and logshipping monitor information.  \n']
['2021-08-05 14:11:01\tSyslog.Info\t172.20.0.10\tAug  5 14:10:02 TMDSSERVER CEF:0', 'Trend Micro', 'Deep Security Agent', '20.0.414', '3002795', 'Microsoft Windows Events', '8', 'cn1=714 cn1Label=Host ID dvc=172.19.0.37 TrendMicroDsTenant=Primary TrendMicroDsTenantId=0 cs1=Multiple Windows error events cs1Label=LI Description fname=Application duser=SQLAgent$SNDPRO shost=SNDDB msg=WinEvtLog: Application: ERROR(14420): MSSQL$SNDPRO: SQLAgent$SNDPRO: NT SERVICE: SNDDB: The log shipping primary database SNDDB\\\\SNDPRO.Sidathyder_SND has backup threshold of 60 minutes and has not performed a backup log operation for 729 minutes. Check agent log and logshipping monitor information.  \n']
['2021-08-05 14:11:51\tSyslog.Info\t172.20.0.10\tAug  5 14:11:08 TMDSSERVER CEF:0', 'Trend Micro', 'Deep Security Agent', '20.0.414', '3002795', 'Microsoft Windows Events', '8', 'cn1=711 cn1Label=Host ID dvc=172.19.0.38 TrendMicroDsTenant=Primary TrendMicroDsTenantId=0 cs1=Multiple Windows error events cs1Label=LI Description fname=Application duser=(no user) shost=IMERCHANDISER msg=WinEvtLog: Application: ERROR(455): ESENT: (no user): no domain: IMERCHANDISER: sqlservr (7496) Error -1032 (0xfffffbf8) occurred while opening logfile C:\\\\Windows\\\\system32\\\\LogFiles\\\\Sum\\\\Api.log.  \n']
['2021-08-05 14:20:23\tSyslog.Info\t172.20.0.10\tAug  5 14:14:04 TMDSSERVER CEF:0', 'Trend Micro', 'Deep Security Agent', '20.0.414', '3002795', 'Microsoft Windows Events', '8', 'cn1=714 cn1Label=Host ID dvc=172.19.0.37 TrendMicroDsTenant=Primary TrendMicroDsTenantId=0 cs1=Multiple Windows error events cs1Label=LI Description fname=Application duser=SQLAgent$SNDPRO shost=SNDDB msg=WinEvtLog: Application: ERROR(14420): MSSQL$SNDPRO: SQLAgent$SNDPRO: NT SERVICE: SNDDB: The log shipping primary database SNDDB\\\\SNDPRO.Sidathyder_SND has backup threshold of 60 minutes and has not performed a backup log operation for 733 minutes. Check agent log and logshipping monitor information.  \n']
['2021-08-05 14:20:23\tSyslog.Info\t172.20.0.10\tAug  5 14:18:02 TMDSSERVER CEF:0', 'Trend Micro', 'Deep Security Agent', '20.0.414', '3002795', 'Microsoft Windows Events', '8', 'cn1=714 cn1Label=Host ID dvc=172.19.0.37 TrendMicroDsTenant=Primary TrendMicroDsTenantId=0 cs1=Multiple Windows error events cs1Label=LI Description fname=Application duser=SQLAgent$SNDPRO shost=SNDDB msg=WinEvtLog: Application: ERROR(14420): MSSQL$SNDPRO: SQLAgent$SNDPRO: NT SERVICE: SNDDB: The log shipping primary database SNDDB\\\\SNDPRO.shipping has backup threshold of 60 minutes and has not performed a backup log operation for 92225 minutes. Check agent log and logshipping monitor information.  \n']
['2021-08-05 14:21:43\tSyslog.Info\t172.20.0.10\tAug  5 14:14:56 TMDSSERVER CEF:0', 'Trend Micro', 'Deep Security Agent', '20.0.414', '3002795', 'Microsoft Windows Events', '8', 'cn1=711 cn1Label=Host ID dvc=172.19.0.38 TrendMicroDsTenant=Primary TrendMicroDsTenantId=0 cs1=Multiple Windows error events cs1Label=LI Description fname=System duser=Administrator shost=IMERCHANDISER msg=WinEvtLog: System: ERROR(36882): Schannel: Administrator: IMERCHANDISER: IMERCHANDISER: The certificate received from the remote server was issued by an untrusted certificate authority. Because of this, none of the data contained in the certificate can be validated. The SSL connection request has failed. The attached data contains the server certificate.  \n']
['2021-08-05 14:29:35\tSyslog.Info\t172.20.0.10\tAug  5 14:22:04 TMDSSERVER CEF:0', 'Trend Micro', 'Deep Security Agent', '20.0.414', '3002795', 'Microsoft Windows Events', '8', 'cn1=714 cn1Label=Host ID dvc=172.19.0.37 TrendMicroDsTenant=Primary TrendMicroDsTenantId=0 cs1=Multiple Windows error events cs1Label=LI Description fname=Application duser=SQLAgent$SNDPRO shost=SNDDB msg=WinEvtLog: Application: ERROR(14420): MSSQL$SNDPRO: SQLAgent$SNDPRO: NT SERVICE: SNDDB: The log shipping primary database SNDDB\\\\SNDPRO.Sidathyder_SND has backup threshold of 60 minutes and has not performed a backup log operation for 741 minutes. Check agent log and logshipping monitor information.  \n']
['2021-08-05 14:29:35\tSyslog.Info\t172.20.0.10\tAug  5 14:26:02 TMDSSERVER CEF:0', 'Trend Micro', 'Deep Security Agent', '20.0.414', '3002795', 'Microsoft Windows Events', '8', 'cn1=714 cn1Label=Host ID dvc=172.19.0.37 TrendMicroDsTenant=Primary TrendMicroDsTenantId=0 cs1=Multiple Windows error events cs1Label=LI Description fname=Application duser=SQLAgent$SNDPRO shost=SNDDB msg=WinEvtLog: Application: ERROR(14420): MSSQL$SNDPRO: SQLAgent$SNDPRO: NT SERVICE: SNDDB: The log shipping primary database SNDDB\\\\SNDPRO.Sidathyder_SND has backup threshold of 60 minutes and has not performed a backup log operation for 745 minutes. Check agent log and logshipping monitor information.  \n']
['2021-08-05 14:39:26\tSyslog.Info\t172.20.0.10\tAug  5 14:30:03 TMDSSERVER CEF:0', 'Trend Micro', 'Deep Security Agent', '20.0.414', '3002795', 'Microsoft Windows Events', '8', 'cn1=714 cn1Label=Host ID dvc=172.19.0.37 TrendMicroDsTenant=Primary TrendMicroDsTenantId=0 cs1=Multiple Windows error events cs1Label=LI Description fname=Application duser=SQLAgent$SNDPRO shost=SNDDB msg=WinEvtLog: Application: ERROR(14420): MSSQL$SNDPRO: SQLAgent$SNDPRO: NT SERVICE: SNDDB: The log shipping primary database SNDDB\\\\SNDPRO.shipping has backup threshold of 60 minutes and has not performed a backup log operation for 92237 minutes. Check agent log and logshipping monitor information.  \n']
['2021-08-05 14:39:26\tSyslog.Info\t172.20.0.10\tAug  5 14:34:01 TMDSSERVER CEF:0', 'Trend Micro', 'Deep Security Agent', '20.0.414', '3002795', 'Microsoft Windows Events', '8', 'cn1=714 cn1Label=Host ID dvc=172.19.0.37 TrendMicroDsTenant=Primary TrendMicroDsTenantId=0 cs1=Multiple Windows error events cs1Label=LI Description fname=Application duser=SQLAgent$SNDPRO shost=SNDDB msg=WinEvtLog: Application: ERROR(14420): MSSQL$SNDPRO: SQLAgent$SNDPRO: NT SERVICE: SNDDB: The log shipping primary database SNDDB\\\\SNDPRO.shipping has backup threshold of 60 minutes and has not performed a backup log operation for 92241 minutes. Check agent log and logshipping monitor information.  \n']
['2021-08-05 14:39:26\tSyslog.Info\t172.20.0.10\tAug  5 14:38:03 TMDSSERVER CEF:0', 'Trend Micro', 'Deep Security Agent', '20.0.414', '3002795', 'Microsoft Windows Events', '8', 'cn1=714 cn1Label=Host ID dvc=172.19.0.37 TrendMicroDsTenant=Primary TrendMicroDsTenantId=0 cs1=Multiple Windows error events cs1Label=LI Description fname=Application duser=SQLAgent$SNDPRO shost=SNDDB msg=WinEvtLog: Application: ERROR(14420): MSSQL$SNDPRO: SQLAgent$SNDPRO: NT SERVICE: SNDDB: The log shipping primary database SNDDB\\\\SNDPRO.shipping has backup threshold of 60 minutes and has not performed a backup log operation for 92245 minutes. Check agent log and logshipping monitor information.  \n']
['2021-08-05 14:48:28\tSyslog.Info\t172.20.0.10\tAug  5 14:42:01 TMDSSERVER CEF:0', 'Trend Micro', 'Deep Security Agent', '20.0.414', '3002795', 'Microsoft Windows Events', '8', 'cn1=714 cn1Label=Host ID dvc=172.19.0.37 TrendMicroDsTenant=Primary TrendMicroDsTenantId=0 cs1=Multiple Windows error events cs1Label=LI Description fname=Application duser=SQLAgent$SNDPRO shost=SNDDB msg=WinEvtLog: Application: ERROR(14420): MSSQL$SNDPRO: SQLAgent$SNDPRO: NT SERVICE: SNDDB: The log shipping primary database SNDDB\\\\SNDPRO.Ship has backup threshold of 60 minutes and has not performed a backup log operation for 18762 minutes. Check agent log and logshipping monitor information.  \n']
['2021-08-05 14:48:28\tSyslog.Info\t172.20.0.10\tAug  5 14:44:02 TMDSSERVER CEF:0', 'Trend Micro', 'Deep Security Agent', '20.0.414', '3002795', 'Microsoft Windows Events', '8', 'cn1=714 cn1Label=Host ID dvc=172.19.0.37 TrendMicroDsTenant=Primary TrendMicroDsTenantId=0 cs1=Multiple Windows error events cs1Label=LI Description fname=Application duser=SQLAgent$SNDPRO shost=SNDDB msg=WinEvtLog: Application: ERROR(14420): MSSQL$SNDPRO: SQLAgent$SNDPRO: NT SERVICE: SNDDB: The log shipping primary database SNDDB\\\\SNDPRO.Sidathyder_SND has backup threshold of 60 minutes and has not performed a backup log operation for 763 minutes. Check agent log and logshipping monitor information.  \n']
['2021-08-05 14:48:28\tSyslog.Info\t172.20.0.10\tAug  5 14:48:04 TMDSSERVER CEF:0', 'Trend Micro', 'Deep Security Agent', '20.0.414', '3002795', 'Microsoft Windows Events', '8', 'cn1=714 cn1Label=Host ID dvc=172.19.0.37 TrendMicroDsTenant=Primary TrendMicroDsTenantId=0 cs1=Multiple Windows error events cs1Label=LI Description fname=Application duser=SQLAgent$SNDPRO shost=SNDDB msg=WinEvtLog: Application: ERROR(14420): MSSQL$SNDPRO: SQLAgent$SNDPRO: NT SERVICE: SNDDB: The log shipping primary database SNDDB\\\\SNDPRO.Sidathyder_SND has backup threshold of 60 minutes and has not performed a backup log operation for 767 minutes. Check agent log and logshipping monitor information.  \n']
['2021-08-05 14:58:05\tSyslog.Info\t172.20.0.10\tAug  5 14:52:01 TMDSSERVER CEF:0', 'Trend Micro', 'Deep Security Agent', '20.0.414', '3002795', 'Microsoft Windows Events', '8', 'cn1=714 cn1Label=Host ID dvc=172.19.0.37 TrendMicroDsTenant=Primary TrendMicroDsTenantId=0 cs1=Multiple Windows error events cs1Label=LI Description fname=Application duser=SQLAgent$SNDPRO shost=SNDDB msg=WinEvtLog: Application: ERROR(14420): MSSQL$SNDPRO: SQLAgent$SNDPRO: NT SERVICE: SNDDB: The log shipping primary database SNDDB\\\\SNDPRO.Sidathyder_SND has backup threshold of 60 minutes and has not performed a backup log operation for 771 minutes. Check agent log and logshipping monitor information.  \n']
['2021-08-05 14:58:05\tSyslog.Info\t172.20.0.10\tAug  5 14:56:03 TMDSSERVER CEF:0', 'Trend Micro', 'Deep Security Agent', '20.0.414', '3002795', 'Microsoft Windows Events', '8', 'cn1=714 cn1Label=Host ID dvc=172.19.0.37 TrendMicroDsTenant=Primary TrendMicroDsTenantId=0 cs1=Multiple Windows error events cs1Label=LI Description fname=Application duser=SQLAgent$SNDPRO shost=SNDDB msg=WinEvtLog: Application: ERROR(14420): MSSQL$SNDPRO: SQLAgent$SNDPRO: NT SERVICE: SNDDB: The log shipping primary database SNDDB\\\\SNDPRO.shipping has backup threshold of 60 minutes and has not performed a backup log operation for 92263 minutes. Check agent log and logshipping monitor information.  \n']
['2021-08-05 15:07:46\tSyslog.Info\t172.20.0.10\tAug  5 15:00:01 TMDSSERVER CEF:0', 'Trend Micro', 'Deep Security Agent', '20.0.414', '3002795', 'Microsoft Windows Events', '8', 'cn1=714 cn1Label=Host ID dvc=172.19.0.37 TrendMicroDsTenant=Primary TrendMicroDsTenantId=0 cs1=Multiple Windows error events cs1Label=LI Description fname=Application duser=SQLAgent$SNDPRO shost=SNDDB msg=WinEvtLog: Application: ERROR(14420): MSSQL$SNDPRO: SQLAgent$SNDPRO: NT SERVICE: SNDDB: The log shipping primary database SNDDB\\\\SNDPRO.shipping has backup threshold of 60 minutes and has not performed a backup log operation for 92267 minutes. Check agent log and logshipping monitor information.  \n']
['2021-08-05 15:07:46\tSyslog.Info\t172.20.0.10\tAug  5 15:04:03 TMDSSERVER CEF:0', 'Trend Micro', 'Deep Security Agent', '20.0.414', '3002795', 'Microsoft Windows Events', '8', 'cn1=714 cn1Label=Host ID dvc=172.19.0.37 TrendMicroDsTenant=Primary TrendMicroDsTenantId=0 cs1=Multiple Windows error events cs1Label=LI Description fname=Application duser=SQLAgent$SNDPRO shost=SNDDB msg=WinEvtLog: Application: ERROR(14420): MSSQL$SNDPRO: SQLAgent$SNDPRO: NT SERVICE: SNDDB: The log shipping primary database SNDDB\\\\SNDPRO.shipping has backup threshold of 60 minutes and has not performed a backup log operation for 92271 minutes. Check agent log and logshipping monitor information.  \n']
['2021-08-05 15:16:58\tSyslog.Info\t172.20.0.10\tAug  5 15:08:01 TMDSSERVER CEF:0', 'Trend Micro', 'Deep Security Agent', '20.0.414', '3002795', 'Microsoft Windows Events', '8', 'cn1=714 cn1Label=Host ID dvc=172.19.0.37 TrendMicroDsTenant=Primary TrendMicroDsTenantId=0 cs1=Multiple Windows error events cs1Label=LI Description fname=Application duser=SQLAgent$SNDPRO shost=SNDDB msg=WinEvtLog: Application: ERROR(14420): MSSQL$SNDPRO: SQLAgent$SNDPRO: NT SERVICE: SNDDB: The log shipping primary database SNDDB\\\\SNDPRO.shipping has backup threshold of 60 minutes and has not performed a backup log operation for 92275 minutes. Check agent log and logshipping monitor information.  \n']
['2021-08-05 15:16:58\tSyslog.Info\t172.20.0.10\tAug  5 15:12:03 TMDSSERVER CEF:0', 'Trend Micro', 'Deep Security Agent', '20.0.414', '3002795', 'Microsoft Windows Events', '8', 'cn1=714 cn1Label=Host ID dvc=172.19.0.37 TrendMicroDsTenant=Primary TrendMicroDsTenantId=0 cs1=Multiple Windows error events cs1Label=LI Description fname=Application duser=SQLAgent$SNDPRO shost=SNDDB msg=WinEvtLog: Application: ERROR(14420): MSSQL$SNDPRO: SQLAgent$SNDPRO: NT SERVICE: SNDDB: The log shipping primary database SNDDB\\\\SNDPRO.Sidathyder_SND has backup threshold of 60 minutes and has not performed a backup log operation for 791 minutes. Check agent log and logshipping monitor information.  \n']
['2021-08-05 15:16:58\tSyslog.Info\t172.20.0.10\tAug  5 15:16:00 TMDSSERVER CEF:0', 'Trend Micro', 'Deep Security Agent', '20.0.414', '3002795', 'Microsoft Windows Events', '8', 'cn1=714 cn1Label=Host ID dvc=172.19.0.37 TrendMicroDsTenant=Primary TrendMicroDsTenantId=0 cs1=Multiple Windows error events cs1Label=LI Description fname=Application duser=SQLAgent$SNDPRO shost=SNDDB msg=WinEvtLog: Application: ERROR(14420): MSSQL$SNDPRO: SQLAgent$SNDPRO: NT SERVICE: SNDDB: The log shipping primary database SNDDB\\\\SNDPRO.shipping has backup threshold of 60 minutes and has not performed a backup log operation for 92283 minutes. Check agent log and logshipping monitor information.  \n']
['2021-08-05 15:26:55\tSyslog.Info\t172.20.0.10\tAug  5 15:20:02 TMDSSERVER CEF:0', 'Trend Micro', 'Deep Security Agent', '20.0.414', '3002795', 'Microsoft Windows Events', '8', 'cn1=714 cn1Label=Host ID dvc=172.19.0.37 TrendMicroDsTenant=Primary TrendMicroDsTenantId=0 cs1=Multiple Windows error events cs1Label=LI Description fname=Application duser=SQLAgent$SNDPRO shost=SNDDB msg=WinEvtLog: Application: ERROR(14420): MSSQL$SNDPRO: SQLAgent$SNDPRO: NT SERVICE: SNDDB: The log shipping primary database SNDDB\\\\SNDPRO.Sidathyder_SND has backup threshold of 60 minutes and has not performed a backup log operation for 799 minutes. Check agent log and logshipping monitor information.  \n']
['2021-08-05 15:26:55\tSyslog.Info\t172.20.0.10\tAug  5 15:24:04 TMDSSERVER CEF:0', 'Trend Micro', 'Deep Security Agent', '20.0.414', '3002795', 'Microsoft Windows Events', '8', 'cn1=714 cn1Label=Host ID dvc=172.19.0.37 TrendMicroDsTenant=Primary TrendMicroDsTenantId=0 cs1=Multiple Windows error events cs1Label=LI Description fname=Application duser=SQLAgent$SNDPRO shost=SNDDB msg=WinEvtLog: Application: ERROR(14420): MSSQL$SNDPRO: SQLAgent$SNDPRO: NT SERVICE: SNDDB: The log shipping primary database SNDDB\\\\SNDPRO.Sidathyder_SND has backup threshold of 60 minutes and has not performed a backup log operation for 803 minutes. Check agent log and logshipping monitor information.  \n']
['2021-08-05 15:35:56\tSyslog.Info\t172.20.0.10\tAug  5 15:28:02 TMDSSERVER CEF:0', 'Trend Micro', 'Deep Security Agent', '20.0.414', '3002795', 'Microsoft Windows Events', '8', 'cn1=714 cn1Label=Host ID dvc=172.19.0.37 TrendMicroDsTenant=Primary TrendMicroDsTenantId=0 cs1=Multiple Windows error events cs1Label=LI Description fname=Application duser=SQLAgent$SNDPRO shost=SNDDB msg=WinEvtLog: Application: ERROR(14420): MSSQL$SNDPRO: SQLAgent$SNDPRO: NT SERVICE: SNDDB: The log shipping primary database SNDDB\\\\SNDPRO.Sidathyder_SND has backup threshold of 60 minutes and has not performed a backup log operation for 807 minutes. Check agent log and logshipping monitor information.  \n']
['2021-08-05 15:35:56\tSyslog.Info\t172.20.0.10\tAug  5 15:32:04 TMDSSERVER CEF:0', 'Trend Micro', 'Deep Security Agent', '20.0.414', '3002795', 'Microsoft Windows Events', '8', 'cn1=714 cn1Label=Host ID dvc=172.19.0.37 TrendMicroDsTenant=Primary TrendMicroDsTenantId=0 cs1=Multiple Windows error events cs1Label=LI Description fname=Application duser=SQLAgent$SNDPRO shost=SNDDB msg=WinEvtLog: Application: ERROR(14420): MSSQL$SNDPRO: SQLAgent$SNDPRO: NT SERVICE: SNDDB: The log shipping primary database SNDDB\\\\SNDPRO.Sidathyder_SND has backup threshold of 60 minutes and has not performed a backup log operation for 811 minutes. Check agent log and logshipping monitor information.  \n']
['2021-08-05 15:45:28\tSyslog.Info\t172.20.0.10\tAug  5 15:36:02 TMDSSERVER CEF:0', 'Trend Micro', 'Deep Security Agent', '20.0.414', '3002795', 'Microsoft Windows Events', '8', 'cn1=714 cn1Label=Host ID dvc=172.19.0.37 TrendMicroDsTenant=Primary TrendMicroDsTenantId=0 cs1=Multiple Windows error events cs1Label=LI Description fname=Application duser=SQLAgent$SNDPRO shost=SNDDB msg=WinEvtLog: Application: ERROR(14420): MSSQL$SNDPRO: SQLAgent$SNDPRO: NT SERVICE: SNDDB: The log shipping primary database SNDDB\\\\SNDPRO.Sidathyder_SND has backup threshold of 60 minutes and has not performed a backup log operation for 815 minutes. Check agent log and logshipping monitor information.  \n']
['2021-08-05 15:45:28\tSyslog.Info\t172.20.0.10\tAug  5 15:40:03 TMDSSERVER CEF:0', 'Trend Micro', 'Deep Security Agent', '20.0.414', '3002795', 'Microsoft Windows Events', '8', 'cn1=714 cn1Label=Host ID dvc=172.19.0.37 TrendMicroDsTenant=Primary TrendMicroDsTenantId=0 cs1=Multiple Windows error events cs1Label=LI Description fname=Application duser=SQLAgent$SNDPRO shost=SNDDB msg=WinEvtLog: Application: ERROR(14420): MSSQL$SNDPRO: SQLAgent$SNDPRO: NT SERVICE: SNDDB: The log shipping primary database SNDDB\\\\SNDPRO.shipping has backup threshold of 60 minutes and has not performed a backup log operation for 92307 minutes. Check agent log and logshipping monitor information.  \n']
['2021-08-05 15:45:28\tSyslog.Info\t172.20.0.10\tAug  5 15:44:01 TMDSSERVER CEF:0', 'Trend Micro', 'Deep Security Agent', '20.0.414', '3002795', 'Microsoft Windows Events', '8', 'cn1=714 cn1Label=Host ID dvc=172.19.0.37 TrendMicroDsTenant=Primary TrendMicroDsTenantId=0 cs1=Multiple Windows error events cs1Label=LI Description fname=Application duser=SQLAgent$SNDPRO shost=SNDDB msg=WinEvtLog: Application: ERROR(14420): MSSQL$SNDPRO: SQLAgent$SNDPRO: NT SERVICE: SNDDB: The log shipping primary database SNDDB\\\\SNDPRO.shipping has backup threshold of 60 minutes and has not performed a backup log operation for 92311 minutes. Check agent log and logshipping monitor information.  \n']
['2021-08-05 15:54:29\tSyslog.Info\t172.20.0.10\tAug  5 15:48:03 TMDSSERVER CEF:0', 'Trend Micro', 'Deep Security Agent', '20.0.414', '3002795', 'Microsoft Windows Events', '8', 'cn1=714 cn1Label=Host ID dvc=172.19.0.37 TrendMicroDsTenant=Primary TrendMicroDsTenantId=0 cs1=Multiple Windows error events cs1Label=LI Description fname=Application duser=SQLAgent$SNDPRO shost=SNDDB msg=WinEvtLog: Application: ERROR(14420): MSSQL$SNDPRO: SQLAgent$SNDPRO: NT SERVICE: SNDDB: The log shipping primary database SNDDB\\\\SNDPRO.shipping has backup threshold of 60 minutes and has not performed a backup log operation for 92315 minutes. Check agent log and logshipping monitor information.  \n']
['2021-08-05 15:54:29\tSyslog.Info\t172.20.0.10\tAug  5 15:52:01 TMDSSERVER CEF:0', 'Trend Micro', 'Deep Security Agent', '20.0.414', '3002795', 'Microsoft Windows Events', '8', 'cn1=714 cn1Label=Host ID dvc=172.19.0.37 TrendMicroDsTenant=Primary TrendMicroDsTenantId=0 cs1=Multiple Windows error events cs1Label=LI Description fname=Application duser=SQLAgent$SNDPRO shost=SNDDB msg=WinEvtLog: Application: ERROR(14420): MSSQL$SNDPRO: SQLAgent$SNDPRO: NT SERVICE: SNDDB: The log shipping primary database SNDDB\\\\SNDPRO.shipping has backup threshold of 60 minutes and has not performed a backup log operation for 92319 minutes. Check agent log and logshipping monitor information.  \n']
['2021-08-05 16:04:31\tSyslog.Info\t172.20.0.10\tAug  5 15:56:03 TMDSSERVER CEF:0', 'Trend Micro', 'Deep Security Agent', '20.0.414', '3002795', 'Microsoft Windows Events', '8', 'cn1=714 cn1Label=Host ID dvc=172.19.0.37 TrendMicroDsTenant=Primary TrendMicroDsTenantId=0 cs1=Multiple Windows error events cs1Label=LI Description fname=Application duser=SQLAgent$SNDPRO shost=SNDDB msg=WinEvtLog: Application: ERROR(14420): MSSQL$SNDPRO: SQLAgent$SNDPRO: NT SERVICE: SNDDB: The log shipping primary database SNDDB\\\\SNDPRO.Sidathyder_SND has backup threshold of 60 minutes and has not performed a backup log operation for 835 minutes. Check agent log and logshipping monitor information.  \n']
['2021-08-05 16:04:31\tSyslog.Info\t172.20.0.10\tAug  5 16:00:01 TMDSSERVER CEF:0', 'Trend Micro', 'Deep Security Agent', '20.0.414', '3002795', 'Microsoft Windows Events', '8', 'cn1=714 cn1Label=Host ID dvc=172.19.0.37 TrendMicroDsTenant=Primary TrendMicroDsTenantId=0 cs1=Multiple Windows error events cs1Label=LI Description fname=Application duser=SQLAgent$SNDPRO shost=SNDDB msg=WinEvtLog: Application: ERROR(14420): MSSQL$SNDPRO: SQLAgent$SNDPRO: NT SERVICE: SNDDB: The log shipping primary database SNDDB\\\\SNDPRO.Sidathyder_SND has backup threshold of 60 minutes and has not performed a backup log operation for 839 minutes. Check agent log and logshipping monitor information.  \n']
['2021-08-05 16:04:31\tSyslog.Info\t172.20.0.10\tAug  5 16:04:02 TMDSSERVER CEF:0', 'Trend Micro', 'Deep Security Agent', '20.0.414', '3002795', 'Microsoft Windows Events', '8', 'cn1=714 cn1Label=Host ID dvc=172.19.0.37 TrendMicroDsTenant=Primary TrendMicroDsTenantId=0 cs1=Multiple Windows error events cs1Label=LI Description fname=Application duser=SQLAgent$SNDPRO shost=SNDDB msg=WinEvtLog: Application: ERROR(14420): MSSQL$SNDPRO: SQLAgent$SNDPRO: NT SERVICE: SNDDB: The log shipping primary database SNDDB\\\\SNDPRO.Sidathyder_SND has backup threshold of 60 minutes and has not performed a backup log operation for 843 minutes. Check agent log and logshipping monitor information.  \n']
['2021-08-05 16:07:26\tSyslog.Info\t172.20.0.10\tAug  5 16:05:04 TMDSSERVER CEF:0', 'Trend Micro', 'Deep Security Agent', '20.0.414', '3002795', 'Microsoft Windows Events', '8', 'cn1=710 cn1Label=Host ID dvc=172.19.0.35 TrendMicroDsTenant=Primary TrendMicroDsTenantId=0 cs1=Multiple Windows Logon Failures cs1Label=LI Description fname=Security src=192.168.10.220 duser= Administrator shost=innovation msg=WinEvtLog: Security: AUDIT_FAILURE(4625): Microsoft-Windows-Security-Auditing: (no user): no domain: innovation: An account failed to log on. Subject:  Security ID:  S-1-0-0  Account Name:  -  Account Domain:  -  Logon ID:  0x0  Logon Type:   3  Account For Which Logon Failed:  Security ID:  S-1-0-0  Account Name:  Administrator  Account Domain:  QLIKVIEW  Failure Information:  Failure Reason:  %%2313  Status:   0xc000006d  Sub Status:  0xc000006a  Process Information:  Caller Process ID: 0x0  Caller Process Name: -  Network Information:  Workstation Name: QLIKVIEW  Source Network Address: 192.168.10.220  Source Port:  57606  Detailed Authentication Information:  Logon Process:  NtLmSsp   Authentication Package: NTLM  Transited Services: -  Package Name (NTLM only): -  Key Length:  0  This event is generated when a logon request fails. It is generated on the computer where access was attempted.  \n']
['2021-08-05 16:07:26\tSyslog.Info\t172.20.0.10\tAug  5 16:06:45 TMDSSERVER CEF:0', 'Trend Micro', 'Deep Security Agent', '20.0.414', '3002795', 'Microsoft Windows Events', '8', 'cn1=710 cn1Label=Host ID dvc=172.19.0.35 TrendMicroDsTenant=Primary TrendMicroDsTenantId=0 cs1=Multiple Windows Logon Failures cs1Label=LI Description fname=Security src=192.168.10.220 duser= Administrator shost=innovation msg=WinEvtLog: Security: AUDIT_FAILURE(4625): Microsoft-Windows-Security-Auditing: (no user): no domain: innovation: An account failed to log on. Subject:  Security ID:  S-1-0-0  Account Name:  -  Account Domain:  -  Logon ID:  0x0  Logon Type:   3  Account For Which Logon Failed:  Security ID:  S-1-0-0  Account Name:  Administrator  Account Domain:  QLIKVIEW  Failure Information:  Failure Reason:  %%2313  Status:   0xc000006d  Sub Status:  0xc000006a  Process Information:  Caller Process ID: 0x0  Caller Process Name: -  Network Information:  Workstation Name: QLIKVIEW  Source Network Address: 192.168.10.220  Source Port:  51825  Detailed Authentication Information:  Logon Process:  NtLmSsp   Authentication Package: NTLM  Transited Services: -  Package Name (NTLM only): -  Key Length:  0  This event is generated when a logon request fails. It is generated on the computer where access was attempted.  \n']
['2021-08-05 16:07:26\tSyslog.Info\t172.20.0.10\tAug  5 16:07:17 TMDSSERVER CEF:0', 'Trend Micro', 'Deep Security Agent', '20.0.414', '3002795', 'Microsoft Windows Events', '8', 'cn1=710 cn1Label=Host ID dvc=172.19.0.35 TrendMicroDsTenant=Primary TrendMicroDsTenantId=0 cs1=Multiple Windows Logon Failures cs1Label=LI Description fname=Security src=192.168.10.220 duser= Administrator shost=innovation msg=WinEvtLog: Security: AUDIT_FAILURE(4625): Microsoft-Windows-Security-Auditing: (no user): no domain: innovation: An account failed to log on. Subject:  Security ID:  S-1-0-0  Account Name:  -  Account Domain:  -  Logon ID:  0x0  Logon Type:   3  Account For Which Logon Failed:  Security ID:  S-1-0-0  Account Name:  Administrator  Account Domain:  QLIKVIEW  Failure Information:  Failure Reason:  %%2313  Status:   0xc000006d  Sub Status:  0xc000006a  Process Information:  Caller Process ID: 0x0  Caller Process Name: -  Network Information:  Workstation Name: QLIKVIEW  Source Network Address: 192.168.10.220  Source Port:  51520  Detailed Authentication Information:  Logon Process:  NtLmSsp   Authentication Package: NTLM  Transited Services: -  Package Name (NTLM only): -  Key Length:  0  This event is generated when a logon request fails. It is generated on the computer where access was attempted.  \n']
['2021-08-05 16:14:23\tSyslog.Info\t172.20.0.10\tAug  5 16:08:00 TMDSSERVER CEF:0', 'Trend Micro', 'Deep Security Agent', '20.0.414', '3002795', 'Microsoft Windows Events', '8', 'cn1=714 cn1Label=Host ID dvc=172.19.0.37 TrendMicroDsTenant=Primary TrendMicroDsTenantId=0 cs1=Multiple Windows error events cs1Label=LI Description fname=Application duser=SQLAgent$SNDPRO shost=SNDDB msg=WinEvtLog: Application: ERROR(14420): MSSQL$SNDPRO: SQLAgent$SNDPRO: NT SERVICE: SNDDB: The log shipping primary database SNDDB\\\\SNDPRO.shipping has backup threshold of 60 minutes and has not performed a backup log operation for 92335 minutes. Check agent log and logshipping monitor information.  \n']
['2021-08-05 16:14:23\tSyslog.Info\t172.20.0.10\tAug  5 16:12:02 TMDSSERVER CEF:0', 'Trend Micro', 'Deep Security Agent', '20.0.414', '3002795', 'Microsoft Windows Events', '8', 'cn1=714 cn1Label=Host ID dvc=172.19.0.37 TrendMicroDsTenant=Primary TrendMicroDsTenantId=0 cs1=Multiple Windows error events cs1Label=LI Description fname=Application duser=SQLAgent$SNDPRO shost=SNDDB msg=WinEvtLog: Application: ERROR(14420): MSSQL$SNDPRO: SQLAgent$SNDPRO: NT SERVICE: SNDDB: The log shipping primary database SNDDB\\\\SNDPRO.shipping has backup threshold of 60 minutes and has not performed a backup log operation for 92339 minutes. Check agent log and logshipping monitor information.  \n']
['2021-08-05 16:16:53\tSyslog.Info\t172.20.0.10\tAug  5 16:08:22 TMDSSERVER CEF:0', 'Trend Micro', 'Deep Security Agent', '20.0.414', '3002795', 'Microsoft Windows Events', '8', 'cn1=710 cn1Label=Host ID dvc=172.19.0.35 TrendMicroDsTenant=Primary TrendMicroDsTenantId=0 cs1=Multiple Windows Logon Failures cs1Label=LI Description fname=Security src=192.168.10.220 duser= Administrator shost=innovation msg=WinEvtLog: Security: AUDIT_FAILURE(4625): Microsoft-Windows-Security-Auditing: (no user): no domain: innovation: An account failed to log on. Subject:  Security ID:  S-1-0-0  Account Name:  -  Account Domain:  -  Logon ID:  0x0  Logon Type:   3  Account For Which Logon Failed:  Security ID:  S-1-0-0  Account Name:  Administrator  Account Domain:  QLIKVIEW  Failure Information:  Failure Reason:  %%2313  Status:   0xc000006d  Sub Status:  0xc000006a  Process Information:  Caller Process ID: 0x0  Caller Process Name: -  Network Information:  Workstation Name: QLIKVIEW  Source Network Address: 192.168.10.220  Source Port:  63533  Detailed Authentication Information:  Logon Process:  NtLmSsp   Authentication Package: NTLM  Transited Services: -  Package Name (NTLM only): -  Key Length:  0  This event is generated when a logon request fails. It is generated on the computer where access was attempted.  \n']
['2021-08-05 16:16:53\tSyslog.Info\t172.20.0.10\tAug  5 16:08:34 TMDSSERVER CEF:0', 'Trend Micro', 'Deep Security Agent', '20.0.414', '3002795', 'Microsoft Windows Events', '8', 'cn1=710 cn1Label=Host ID dvc=172.19.0.35 TrendMicroDsTenant=Primary TrendMicroDsTenantId=0 cs1=Multiple Windows Logon Failures cs1Label=LI Description fname=Security src=192.168.10.220 duser= Administrator shost=innovation msg=WinEvtLog: Security: AUDIT_FAILURE(4625): Microsoft-Windows-Security-Auditing: (no user): no domain: innovation: An account failed to log on. Subject:  Security ID:  S-1-0-0  Account Name:  -  Account Domain:  -  Logon ID:  0x0  Logon Type:   3  Account For Which Logon Failed:  Security ID:  S-1-0-0  Account Name:  Administrator  Account Domain:  QLIKVIEW  Failure Information:  Failure Reason:  %%2313  Status:   0xc000006d  Sub Status:  0xc000006a  Process Information:  Caller Process ID: 0x0  Caller Process Name: -  Network Information:  Workstation Name: QLIKVIEW  Source Network Address: 192.168.10.220  Source Port:  63570  Detailed Authentication Information:  Logon Process:  NtLmSsp   Authentication Package: NTLM  Transited Services: -  Package Name (NTLM only): -  Key Length:  0  This event is generated when a logon request fails. It is generated on the computer where access was attempted.  \n']
['2021-08-05 16:16:53\tSyslog.Info\t172.20.0.10\tAug  5 16:10:03 TMDSSERVER CEF:0', 'Trend Micro', 'Deep Security Agent', '20.0.414', '3002795', 'Microsoft Windows Events', '8', 'cn1=710 cn1Label=Host ID dvc=172.19.0.35 TrendMicroDsTenant=Primary TrendMicroDsTenantId=0 cs1=Multiple Windows Logon Failures cs1Label=LI Description fname=Security src=192.168.10.220 duser= Administrator shost=innovation msg=WinEvtLog: Security: AUDIT_FAILURE(4625): Microsoft-Windows-Security-Auditing: (no user): no domain: innovation: An account failed to log on. Subject:  Security ID:  S-1-0-0  Account Name:  -  Account Domain:  -  Logon ID:  0x0  Logon Type:   3  Account For Which Logon Failed:  Security ID:  S-1-0-0  Account Name:  Administrator  Account Domain:  QLIKVIEW  Failure Information:  Failure Reason:  %%2313  Status:   0xc000006d  Sub Status:  0xc000006a  Process Information:  Caller Process ID: 0x0  Caller Process Name: -  Network Information:  Workstation Name: QLIKVIEW  Source Network Address: 192.168.10.220  Source Port:  50075  Detailed Authentication Information:  Logon Process:  NtLmSsp   Authentication Package: NTLM  Transited Services: -  Package Name (NTLM only): -  Key Length:  0  This event is generated when a logon request fails. It is generated on the computer where access was attempted.  \n']
