['2021-08-04 18:55:42\tSyslog.Info\t172.20.0.10\tAug  4 18:48:12 TMDSSERVER CEF:0', 'Trend Micro', 'Deep Security Agent', '20.0.414', '3002795', 'Microsoft Windows Events', '8', 'cn1=708 cn1Label=Host ID dvc=192.168.10.220 TrendMicroDsTenant=Primary TrendMicroDsTenantId=0 cs1=Multiple Windows Logon Failures cs1Label=LI Description fname=Security src=10.200.130.72 duser= administrator shost=QlikView msg=WinEvtLog: Security: AUDIT_FAILURE(4625): Microsoft-Windows-Security-Auditing: (no user): no domain: QlikView: An account failed to log on. Subject:  Security ID:  S-1-0-0  Account Name:  -  Account Domain:  -  Logon ID:  0x0  Logon Type:   3  Account For Which Logon Failed:  Security ID:  S-1-0-0  Account Name:  administrator  Account Domain:    Failure Information:  Failure Reason:  %%2313  Status:   0xc000006d  Sub Status:  0xc000006a  Process Information:  Caller Process ID: 0x0  Caller Process Name: -  Network Information:  Workstation Name: -  Source Network Address: 10.200.130.72  Source Port:  64115  Detailed Authentication Information:  Logon Process:  NtLmSsp   Authentication Package: NTLM  Transited Services: -  Package Name (NTLM only): -  Key Length:  0  This event is generated when a logon request fails. It is generated on the computer where access was attempted.  \n']
['2021-08-04 18:55:42\tSyslog.Info\t172.20.0.10\tAug  4 18:48:12 TMDSSERVER CEF:0', 'Trend Micro', 'Deep Security Agent', '20.0.414', '3002795', 'Microsoft Windows Events', '8', 'cn1=708 cn1Label=Host ID dvc=192.168.10.220 TrendMicroDsTenant=Primary TrendMicroDsTenantId=0 cs1=Multiple Windows Logon Failures cs1Label=LI Description fname=Security src=10.200.130.72 duser= administrator shost=QlikView msg=WinEvtLog: Security: AUDIT_FAILURE(4625): Microsoft-Windows-Security-Auditing: (no user): no domain: QlikView: An account failed to log on. Subject:  Security ID:  S-1-0-0  Account Name:  -  Account Domain:  -  Logon ID:  0x0  Logon Type:   3  Account For Which Logon Failed:  Security ID:  S-1-0-0  Account Name:  administrator  Account Domain:    Failure Information:  Failure Reason:  %%2313  Status:   0xc000006d  Sub Status:  0xc000006a  Process Information:  Caller Process ID: 0x0  Caller Process Name: -  Network Information:  Workstation Name: -  Source Network Address: 10.200.130.72  Source Port:  64148  Detailed Authentication Information:  Logon Process:  NtLmSsp   Authentication Package: NTLM  Transited Services: -  Package Name (NTLM only): -  Key Length:  0  This event is generated when a logon request fails. It is generated on the computer where access was attempted.  \n']
['2021-08-04 18:55:42\tSyslog.Info\t172.20.0.10\tAug  4 18:48:16 TMDSSERVER CEF:0', 'Trend Micro', 'Deep Security Agent', '20.0.414', '3002795', 'Microsoft Windows Events', '8', 'cn1=708 cn1Label=Host ID dvc=192.168.10.220 TrendMicroDsTenant=Primary TrendMicroDsTenantId=0 cs1=Multiple Windows Logon Failures cs1Label=LI Description fname=Security src=10.200.130.72 duser= administrator shost=QlikView msg=WinEvtLog: Security: AUDIT_FAILURE(4625): Microsoft-Windows-Security-Auditing: (no user): no domain: QlikView: An account failed to log on. Subject:  Security ID:  S-1-0-0  Account Name:  -  Account Domain:  -  Logon ID:  0x0  Logon Type:   3  Account For Which Logon Failed:  Security ID:  S-1-0-0  Account Name:  administrator  Account Domain:    Failure Information:  Failure Reason:  %%2313  Status:   0xc000006d  Sub Status:  0xc000006a  Process Information:  Caller Process ID: 0x0  Caller Process Name: -  Network Information:  Workstation Name: -  Source Network Address: 10.200.130.72  Source Port:  64194  Detailed Authentication Information:  Logon Process:  NtLmSsp   Authentication Package: NTLM  Transited Services: -  Package Name (NTLM only): -  Key Length:  0  This event is generated when a logon request fails. It is generated on the computer where access was attempted.  \n']
['2021-08-04 18:55:42\tSyslog.Info\t172.20.0.10\tAug  4 18:48:20 TMDSSERVER CEF:0', 'Trend Micro', 'Deep Security Agent', '20.0.414', '3002795', 'Microsoft Windows Events', '8', 'cn1=708 cn1Label=Host ID dvc=192.168.10.220 TrendMicroDsTenant=Primary TrendMicroDsTenantId=0 cs1=Multiple Windows Logon Failures cs1Label=LI Description fname=Security src=10.200.130.72 duser= administrator shost=QlikView msg=WinEvtLog: Security: AUDIT_FAILURE(4625): Microsoft-Windows-Security-Auditing: (no user): no domain: QlikView: An account failed to log on. Subject:  Security ID:  S-1-0-0  Account Name:  -  Account Domain:  -  Logon ID:  0x0  Logon Type:   3  Account For Which Logon Failed:  Security ID:  S-1-0-0  Account Name:  administrator  Account Domain:    Failure Information:  Failure Reason:  %%2313  Status:   0xc000006d  Sub Status:  0xc000006a  Process Information:  Caller Process ID: 0x0  Caller Process Name: -  Network Information:  Workstation Name: -  Source Network Address: 10.200.130.72  Source Port:  64247  Detailed Authentication Information:  Logon Process:  NtLmSsp   Authentication Package: NTLM  Transited Services: -  Package Name (NTLM only): -  Key Length:  0  This event is generated when a logon request fails. It is generated on the computer where access was attempted.  \n']
['2021-08-04 18:55:42\tSyslog.Info\t172.20.0.10\tAug  4 18:48:24 TMDSSERVER CEF:0', 'Trend Micro', 'Deep Security Agent', '20.0.414', '3002795', 'Microsoft Windows Events', '8', 'cn1=708 cn1Label=Host ID dvc=192.168.10.220 TrendMicroDsTenant=Primary TrendMicroDsTenantId=0 cs1=Multiple Windows Logon Failures cs1Label=LI Description fname=Security src=10.200.130.72 duser= administrator shost=QlikView msg=WinEvtLog: Security: AUDIT_FAILURE(4625): Microsoft-Windows-Security-Auditing: (no user): no domain: QlikView: An account failed to log on. Subject:  Security ID:  S-1-0-0  Account Name:  -  Account Domain:  -  Logon ID:  0x0  Logon Type:   3  Account For Which Logon Failed:  Security ID:  S-1-0-0  Account Name:  administrator  Account Domain:    Failure Information:  Failure Reason:  %%2313  Status:   0xc000006d  Sub Status:  0xc000006a  Process Information:  Caller Process ID: 0x0  Caller Process Name: -  Network Information:  Workstation Name: -  Source Network Address: 10.200.130.72  Source Port:  64288  Detailed Authentication Information:  Logon Process:  NtLmSsp   Authentication Package: NTLM  Transited Services: -  Package Name (NTLM only): -  Key Length:  0  This event is generated when a logon request fails. It is generated on the computer where access was attempted.  \n']
['2021-08-04 18:55:42\tSyslog.Info\t172.20.0.10\tAug  4 18:48:28 TMDSSERVER CEF:0', 'Trend Micro', 'Deep Security Agent', '20.0.414', '3002795', 'Microsoft Windows Events', '8', 'cn1=708 cn1Label=Host ID dvc=192.168.10.220 TrendMicroDsTenant=Primary TrendMicroDsTenantId=0 cs1=Multiple Windows Logon Failures cs1Label=LI Description fname=Security src=10.200.130.72 duser= administrator shost=QlikView msg=WinEvtLog: Security: AUDIT_FAILURE(4625): Microsoft-Windows-Security-Auditing: (no user): no domain: QlikView: An account failed to log on. Subject:  Security ID:  S-1-0-0  Account Name:  -  Account Domain:  -  Logon ID:  0x0  Logon Type:   3  Account For Which Logon Failed:  Security ID:  S-1-0-0  Account Name:  administrator  Account Domain:    Failure Information:  Failure Reason:  %%2313  Status:   0xc000006d  Sub Status:  0xc000006a  Process Information:  Caller Process ID: 0x0  Caller Process Name: -  Network Information:  Workstation Name: -  Source Network Address: 10.200.130.72  Source Port:  64336  Detailed Authentication Information:  Logon Process:  NtLmSsp   Authentication Package: NTLM  Transited Services: -  Package Name (NTLM only): -  Key Length:  0  This event is generated when a logon request fails. It is generated on the computer where access was attempted.  \n']
['2021-08-04 18:55:42\tSyslog.Info\t172.20.0.10\tAug  4 18:48:28 TMDSSERVER CEF:0', 'Trend Micro', 'Deep Security Agent', '20.0.414', '3002795', 'Microsoft Windows Events', '8', 'cn1=708 cn1Label=Host ID dvc=192.168.10.220 TrendMicroDsTenant=Primary TrendMicroDsTenantId=0 cs1=Multiple Windows Logon Failures cs1Label=LI Description fname=Security src=10.200.130.72 duser= administrator shost=QlikView msg=WinEvtLog: Security: AUDIT_FAILURE(4625): Microsoft-Windows-Security-Auditing: (no user): no domain: QlikView: An account failed to log on. Subject:  Security ID:  S-1-0-0  Account Name:  -  Account Domain:  -  Logon ID:  0x0  Logon Type:   3  Account For Which Logon Failed:  Security ID:  S-1-0-0  Account Name:  administrator  Account Domain:    Failure Information:  Failure Reason:  %%2313  Status:   0xc000006d  Sub Status:  0xc000006a  Process Information:  Caller Process ID: 0x0  Caller Process Name: -  Network Information:  Workstation Name: -  Source Network Address: 10.200.130.72  Source Port:  64379  Detailed Authentication Information:  Logon Process:  NtLmSsp   Authentication Package: NTLM  Transited Services: -  Package Name (NTLM only): -  Key Length:  0  This event is generated when a logon request fails. It is generated on the computer where access was attempted.  \n']
['2021-08-04 18:55:42\tSyslog.Info\t172.20.0.10\tAug  4 18:48:28 TMDSSERVER CEF:0', 'Trend Micro', 'Deep Security Agent', '20.0.414', '3002795', 'Microsoft Windows Events', '8', 'cn1=708 cn1Label=Host ID dvc=192.168.10.220 TrendMicroDsTenant=Primary TrendMicroDsTenantId=0 cs1=Multiple Windows Logon Failures cs1Label=LI Description fname=Security src=10.200.130.72 duser= administrator shost=QlikView msg=WinEvtLog: Security: AUDIT_FAILURE(4625): Microsoft-Windows-Security-Auditing: (no user): no domain: QlikView: An account failed to log on. Subject:  Security ID:  S-1-0-0  Account Name:  -  Account Domain:  -  Logon ID:  0x0  Logon Type:   3  Account For Which Logon Failed:  Security ID:  S-1-0-0  Account Name:  administrator  Account Domain:    Failure Information:  Failure Reason:  %%2313  Status:   0xc000006d  Sub Status:  0xc000006a  Process Information:  Caller Process ID: 0x0  Caller Process Name: -  Network Information:  Workstation Name: -  Source Network Address: 10.200.130.72  Source Port:  64415  Detailed Authentication Information:  Logon Process:  NtLmSsp   Authentication Package: NTLM  Transited Services: -  Package Name (NTLM only): -  Key Length:  0  This event is generated when a logon request fails. It is generated on the computer where access was attempted.  \n']
['2021-08-04 18:55:42\tSyslog.Info\t172.20.0.10\tAug  4 18:48:32 TMDSSERVER CEF:0', 'Trend Micro', 'Deep Security Agent', '20.0.414', '3002795', 'Microsoft Windows Events', '8', 'cn1=708 cn1Label=Host ID dvc=192.168.10.220 TrendMicroDsTenant=Primary TrendMicroDsTenantId=0 cs1=Multiple Windows Logon Failures cs1Label=LI Description fname=Security src=10.200.130.72 duser= administrator shost=QlikView msg=WinEvtLog: Security: AUDIT_FAILURE(4625): Microsoft-Windows-Security-Auditing: (no user): no domain: QlikView: An account failed to log on. Subject:  Security ID:  S-1-0-0  Account Name:  -  Account Domain:  -  Logon ID:  0x0  Logon Type:   3  Account For Which Logon Failed:  Security ID:  S-1-0-0  Account Name:  administrator  Account Domain:    Failure Information:  Failure Reason:  %%2313  Status:   0xc000006d  Sub Status:  0xc000006a  Process Information:  Caller Process ID: 0x0  Caller Process Name: -  Network Information:  Workstation Name: -  Source Network Address: 10.200.130.72  Source Port:  64449  Detailed Authentication Information:  Logon Process:  NtLmSsp   Authentication Package: NTLM  Transited Services: -  Package Name (NTLM only): -  Key Length:  0  This event is generated when a logon request fails. It is generated on the computer where access was attempted.  \n']
['2021-08-04 18:55:42\tSyslog.Info\t172.20.0.10\tAug  4 18:48:32 TMDSSERVER CEF:0', 'Trend Micro', 'Deep Security Agent', '20.0.414', '3002795', 'Microsoft Windows Events', '8', 'cn1=708 cn1Label=Host ID dvc=192.168.10.220 TrendMicroDsTenant=Primary TrendMicroDsTenantId=0 cs1=Multiple Windows Logon Failures cs1Label=LI Description fname=Security src=10.200.130.72 duser= administrator shost=QlikView msg=WinEvtLog: Security: AUDIT_FAILURE(4625): Microsoft-Windows-Security-Auditing: (no user): no domain: QlikView: An account failed to log on. Subject:  Security ID:  S-1-0-0  Account Name:  -  Account Domain:  -  Logon ID:  0x0  Logon Type:   3  Account For Which Logon Failed:  Security ID:  S-1-0-0  Account Name:  administrator  Account Domain:    Failure Information:  Failure Reason:  %%2313  Status:   0xc000006d  Sub Status:  0xc000006a  Process Information:  Caller Process ID: 0x0  Caller Process Name: -  Network Information:  Workstation Name: -  Source Network Address: 10.200.130.72  Source Port:  64483  Detailed Authentication Information:  Logon Process:  NtLmSsp   Authentication Package: NTLM  Transited Services: -  Package Name (NTLM only): -  Key Length:  0  This event is generated when a logon request fails. It is generated on the computer where access was attempted.  \n']
['2021-08-04 19:01:33\tSyslog.Info\t172.20.0.10\tAug  4 18:52:02 TMDSSERVER CEF:0', 'Trend Micro', 'Deep Security Agent', '20.0.414', '3002795', 'Microsoft Windows Events', '8', 'cn1=714 cn1Label=Host ID dvc=172.19.0.37 TrendMicroDsTenant=Primary TrendMicroDsTenantId=0 cs1=Multiple Windows error events cs1Label=LI Description fname=Application duser=SQLAgent$SNDPRO shost=SNDDB msg=WinEvtLog: Application: ERROR(14420): MSSQL$SNDPRO: SQLAgent$SNDPRO: NT SERVICE: SNDDB: The log shipping primary database SNDDB\\\\SNDPRO.Sidathyder_SND has backup threshold of 60 minutes and has not performed a backup log operation for 1012 minutes. Check agent log and logshipping monitor information.  \n']
['2021-08-04 19:01:33\tSyslog.Info\t172.20.0.10\tAug  4 18:56:04 TMDSSERVER CEF:0', 'Trend Micro', 'Deep Security Agent', '20.0.414', '3002795', 'Microsoft Windows Events', '8', 'cn1=714 cn1Label=Host ID dvc=172.19.0.37 TrendMicroDsTenant=Primary TrendMicroDsTenantId=0 cs1=Multiple Windows error events cs1Label=LI Description fname=Application duser=SQLAgent$SNDPRO shost=SNDDB msg=WinEvtLog: Application: ERROR(14420): MSSQL$SNDPRO: SQLAgent$SNDPRO: NT SERVICE: SNDDB: The log shipping primary database SNDDB\\\\SNDPRO.Sidathyder_SND has backup threshold of 60 minutes and has not performed a backup log operation for 1016 minutes. Check agent log and logshipping monitor information.  \n']
['2021-08-04 19:01:33\tSyslog.Info\t172.20.0.10\tAug  4 19:00:02 TMDSSERVER CEF:0', 'Trend Micro', 'Deep Security Agent', '20.0.414', '3002795', 'Microsoft Windows Events', '8', 'cn1=714 cn1Label=Host ID dvc=172.19.0.37 TrendMicroDsTenant=Primary TrendMicroDsTenantId=0 cs1=Multiple Windows error events cs1Label=LI Description fname=Application duser=SQLAgent$SNDPRO shost=SNDDB msg=WinEvtLog: Application: ERROR(14420): MSSQL$SNDPRO: SQLAgent$SNDPRO: NT SERVICE: SNDDB: The log shipping primary database SNDDB\\\\SNDPRO.shipping has backup threshold of 60 minutes and has not performed a backup log operation for 91067 minutes. Check agent log and logshipping monitor information.  \n']
['2021-08-04 19:11:10\tSyslog.Info\t172.20.0.10\tAug  4 19:04:03 TMDSSERVER CEF:0', 'Trend Micro', 'Deep Security Agent', '20.0.414', '3002795', 'Microsoft Windows Events', '8', 'cn1=714 cn1Label=Host ID dvc=172.19.0.37 TrendMicroDsTenant=Primary TrendMicroDsTenantId=0 cs1=Multiple Windows error events cs1Label=LI Description fname=Application duser=SQLAgent$SNDPRO shost=SNDDB msg=WinEvtLog: Application: ERROR(14420): MSSQL$SNDPRO: SQLAgent$SNDPRO: NT SERVICE: SNDDB: The log shipping primary database SNDDB\\\\SNDPRO.shipping has backup threshold of 60 minutes and has not performed a backup log operation for 91071 minutes. Check agent log and logshipping monitor information.  \n']
['2021-08-04 19:11:10\tSyslog.Info\t172.20.0.10\tAug  4 19:08:01 TMDSSERVER CEF:0', 'Trend Micro', 'Deep Security Agent', '20.0.414', '3002795', 'Microsoft Windows Events', '8', 'cn1=714 cn1Label=Host ID dvc=172.19.0.37 TrendMicroDsTenant=Primary TrendMicroDsTenantId=0 cs1=Multiple Windows error events cs1Label=LI Description fname=Application duser=SQLAgent$SNDPRO shost=SNDDB msg=WinEvtLog: Application: ERROR(14420): MSSQL$SNDPRO: SQLAgent$SNDPRO: NT SERVICE: SNDDB: The log shipping primary database SNDDB\\\\SNDPRO.shipping has backup threshold of 60 minutes and has not performed a backup log operation for 91075 minutes. Check agent log and logshipping monitor information.  \n']
['2021-08-04 19:15:31\tSyslog.Info\t172.20.0.10\tAug  4 19:12:03 TMDSSERVER CEF:0', 'Trend Micro', 'Deep Security Agent', '20.0.414', '3002795', 'Microsoft Windows Events', '8', 'cn1=714 cn1Label=Host ID dvc=172.19.0.37 TrendMicroDsTenant=Primary TrendMicroDsTenantId=0 cs1=Multiple Windows error events cs1Label=LI Description fname=Application duser=SQLAgent$SNDPRO shost=SNDDB msg=WinEvtLog: Application: ERROR(14420): MSSQL$SNDPRO: SQLAgent$SNDPRO: NT SERVICE: SNDDB: The log shipping primary database SNDDB\\\\SNDPRO.Sidathyder_SND has backup threshold of 60 minutes and has not performed a backup log operation for 1032 minutes. Check agent log and logshipping monitor information.  \n']
['2021-08-04 19:20:22\tSyslog.Info\t172.20.0.10\tAug  4 19:16:09 TMDSSERVER CEF:0', 'Trend Micro', 'Deep Security Agent', '20.0.414', '3002795', 'Microsoft Windows Events', '8', 'cn1=714 cn1Label=Host ID dvc=172.19.0.37 TrendMicroDsTenant=Primary TrendMicroDsTenantId=0 cs1=Multiple Windows error events cs1Label=LI Description fname=Application duser=SQLAgent$SNDPRO shost=SNDDB msg=WinEvtLog: Application: ERROR(14420): MSSQL$SNDPRO: SQLAgent$SNDPRO: NT SERVICE: SNDDB: The log shipping primary database SNDDB\\\\SNDPRO.Ship has backup threshold of 60 minutes and has not performed a backup log operation for 17596 minutes. Check agent log and logshipping monitor information.  \n']
['2021-08-04 19:20:22\tSyslog.Info\t172.20.0.10\tAug  4 19:18:02 TMDSSERVER CEF:0', 'Trend Micro', 'Deep Security Agent', '20.0.414', '3002795', 'Microsoft Windows Events', '8', 'cn1=714 cn1Label=Host ID dvc=172.19.0.37 TrendMicroDsTenant=Primary TrendMicroDsTenantId=0 cs1=Multiple Windows error events cs1Label=LI Description fname=Application duser=SQLAgent$SNDPRO shost=SNDDB msg=WinEvtLog: Application: ERROR(14420): MSSQL$SNDPRO: SQLAgent$SNDPRO: NT SERVICE: SNDDB: The log shipping primary database SNDDB\\\\SNDPRO.Sidathyder_SND has backup threshold of 60 minutes and has not performed a backup log operation for 1038 minutes. Check agent log and logshipping monitor information.  \n']
['2021-08-04 19:29:33\tSyslog.Info\t172.20.0.10\tAug  4 19:22:01 TMDSSERVER CEF:0', 'Trend Micro', 'Deep Security Agent', '20.0.414', '3002795', 'Microsoft Windows Events', '8', 'cn1=714 cn1Label=Host ID dvc=172.19.0.37 TrendMicroDsTenant=Primary TrendMicroDsTenantId=0 cs1=Multiple Windows error events cs1Label=LI Description fname=Application duser=SQLAgent$SNDPRO shost=SNDDB msg=WinEvtLog: Application: ERROR(14420): MSSQL$SNDPRO: SQLAgent$SNDPRO: NT SERVICE: SNDDB: The log shipping primary database SNDDB\\\\SNDPRO.Sidathyder_SND has backup threshold of 60 minutes and has not performed a backup log operation for 1042 minutes. Check agent log and logshipping monitor information.  \n']
['2021-08-04 19:29:33\tSyslog.Info\t172.20.0.10\tAug  4 19:26:03 TMDSSERVER CEF:0', 'Trend Micro', 'Deep Security Agent', '20.0.414', '3002795', 'Microsoft Windows Events', '8', 'cn1=714 cn1Label=Host ID dvc=172.19.0.37 TrendMicroDsTenant=Primary TrendMicroDsTenantId=0 cs1=Multiple Windows error events cs1Label=LI Description fname=Application duser=SQLAgent$SNDPRO shost=SNDDB msg=WinEvtLog: Application: ERROR(14420): MSSQL$SNDPRO: SQLAgent$SNDPRO: NT SERVICE: SNDDB: The log shipping primary database SNDDB\\\\SNDPRO.Sidathyder_SND has backup threshold of 60 minutes and has not performed a backup log operation for 1046 minutes. Check agent log and logshipping monitor information.  \n']
['2021-08-04 19:39:25\tSyslog.Info\t172.20.0.10\tAug  4 19:30:02 TMDSSERVER CEF:0', 'Trend Micro', 'Deep Security Agent', '20.0.414', '3002795', 'Microsoft Windows Events', '8', 'cn1=714 cn1Label=Host ID dvc=172.19.0.37 TrendMicroDsTenant=Primary TrendMicroDsTenantId=0 cs1=Multiple Windows error events cs1Label=LI Description fname=Application duser=SQLAgent$SNDPRO shost=SNDDB msg=WinEvtLog: Application: ERROR(14420): MSSQL$SNDPRO: SQLAgent$SNDPRO: NT SERVICE: SNDDB: The log shipping primary database SNDDB\\\\SNDPRO.Sidathyder_SND has backup threshold of 60 minutes and has not performed a backup log operation for 1050 minutes. Check agent log and logshipping monitor information.  \n']
['2021-08-04 19:39:25\tSyslog.Info\t172.20.0.10\tAug  4 19:34:00 TMDSSERVER CEF:0', 'Trend Micro', 'Deep Security Agent', '20.0.414', '3002795', 'Microsoft Windows Events', '8', 'cn1=714 cn1Label=Host ID dvc=172.19.0.37 TrendMicroDsTenant=Primary TrendMicroDsTenantId=0 cs1=Multiple Windows error events cs1Label=LI Description fname=Application duser=SQLAgent$SNDPRO shost=SNDDB msg=WinEvtLog: Application: ERROR(14420): MSSQL$SNDPRO: SQLAgent$SNDPRO: NT SERVICE: SNDDB: The log shipping primary database SNDDB\\\\SNDPRO.Sidathyder_SND has backup threshold of 60 minutes and has not performed a backup log operation for 1054 minutes. Check agent log and logshipping monitor information.  \n']
['2021-08-04 19:39:25\tSyslog.Info\t172.20.0.10\tAug  4 19:38:02 TMDSSERVER CEF:0', 'Trend Micro', 'Deep Security Agent', '20.0.414', '3002795', 'Microsoft Windows Events', '8', 'cn1=714 cn1Label=Host ID dvc=172.19.0.37 TrendMicroDsTenant=Primary TrendMicroDsTenantId=0 cs1=Multiple Windows error events cs1Label=LI Description fname=Application duser=SQLAgent$SNDPRO shost=SNDDB msg=WinEvtLog: Application: ERROR(14420): MSSQL$SNDPRO: SQLAgent$SNDPRO: NT SERVICE: SNDDB: The log shipping primary database SNDDB\\\\SNDPRO.Sidathyder_SND has backup threshold of 60 minutes and has not performed a backup log operation for 1058 minutes. Check agent log and logshipping monitor information.  \n']
['2021-08-04 19:48:56\tSyslog.Info\t172.20.0.10\tAug  4 19:42:04 TMDSSERVER CEF:0', 'Trend Micro', 'Deep Security Agent', '20.0.414', '3002795', 'Microsoft Windows Events', '8', 'cn1=714 cn1Label=Host ID dvc=172.19.0.37 TrendMicroDsTenant=Primary TrendMicroDsTenantId=0 cs1=Multiple Windows error events cs1Label=LI Description fname=Application duser=SQLAgent$SNDPRO shost=SNDDB msg=WinEvtLog: Application: ERROR(14420): MSSQL$SNDPRO: SQLAgent$SNDPRO: NT SERVICE: SNDDB: The log shipping primary database SNDDB\\\\SNDPRO.Sidathyder_SND has backup threshold of 60 minutes and has not performed a backup log operation for 1062 minutes. Check agent log and logshipping monitor information.  \n']
['2021-08-04 19:48:56\tSyslog.Info\t172.20.0.10\tAug  4 19:46:02 TMDSSERVER CEF:0', 'Trend Micro', 'Deep Security Agent', '20.0.414', '3002795', 'Microsoft Windows Events', '8', 'cn1=714 cn1Label=Host ID dvc=172.19.0.37 TrendMicroDsTenant=Primary TrendMicroDsTenantId=0 cs1=Multiple Windows error events cs1Label=LI Description fname=Application duser=SQLAgent$SNDPRO shost=SNDDB msg=WinEvtLog: Application: ERROR(14420): MSSQL$SNDPRO: SQLAgent$SNDPRO: NT SERVICE: SNDDB: The log shipping primary database SNDDB\\\\SNDPRO.Sidathyder_SND has backup threshold of 60 minutes and has not performed a backup log operation for 1066 minutes. Check agent log and logshipping monitor information.  \n']
['2021-08-04 19:58:04\tSyslog.Info\t172.20.0.10\tAug  4 19:50:04 TMDSSERVER CEF:0', 'Trend Micro', 'Deep Security Agent', '20.0.414', '3002795', 'Microsoft Windows Events', '8', 'cn1=714 cn1Label=Host ID dvc=172.19.0.37 TrendMicroDsTenant=Primary TrendMicroDsTenantId=0 cs1=Multiple Windows error events cs1Label=LI Description fname=Application duser=SQLAgent$SNDPRO shost=SNDDB msg=WinEvtLog: Application: ERROR(14420): MSSQL$SNDPRO: SQLAgent$SNDPRO: NT SERVICE: SNDDB: The log shipping primary database SNDDB\\\\SNDPRO.Sidathyder_SND has backup threshold of 60 minutes and has not performed a backup log operation for 1070 minutes. Check agent log and logshipping monitor information.  \n']
['2021-08-04 19:58:04\tSyslog.Info\t172.20.0.10\tAug  4 19:54:02 TMDSSERVER CEF:0', 'Trend Micro', 'Deep Security Agent', '20.0.414', '3002795', 'Microsoft Windows Events', '8', 'cn1=714 cn1Label=Host ID dvc=172.19.0.37 TrendMicroDsTenant=Primary TrendMicroDsTenantId=0 cs1=Multiple Windows error events cs1Label=LI Description fname=Application duser=SQLAgent$SNDPRO shost=SNDDB msg=WinEvtLog: Application: ERROR(14420): MSSQL$SNDPRO: SQLAgent$SNDPRO: NT SERVICE: SNDDB: The log shipping primary database SNDDB\\\\SNDPRO.Sidathyder_SND has backup threshold of 60 minutes and has not performed a backup log operation for 1074 minutes. Check agent log and logshipping monitor information.  \n']
['2021-08-05 09:26:18\tSyslog.Info\t172.20.0.10\tAug  5 09:20:01 TMDSSERVER CEF:0', 'Trend Micro', 'Deep Security Agent', '20.0.414', '3002795', 'Microsoft Windows Events', '8', 'cn1=714 cn1Label=Host ID dvc=172.19.0.37 TrendMicroDsTenant=Primary TrendMicroDsTenantId=0 cs1=Multiple Windows error events cs1Label=LI Description fname=Application duser=SQLAgent$SNDPRO shost=SNDDB msg=WinEvtLog: Application: ERROR(14420): MSSQL$SNDPRO: SQLAgent$SNDPRO: NT SERVICE: SNDDB: The log shipping primary database SNDDB\\\\SNDPRO.shipping has backup threshold of 60 minutes and has not performed a backup log operation for 91927 minutes. Check agent log and logshipping monitor information.  \n']
['2021-08-05 09:26:18\tSyslog.Info\t172.20.0.10\tAug  5 09:24:03 TMDSSERVER CEF:0', 'Trend Micro', 'Deep Security Agent', '20.0.414', '3002795', 'Microsoft Windows Events', '8', 'cn1=714 cn1Label=Host ID dvc=172.19.0.37 TrendMicroDsTenant=Primary TrendMicroDsTenantId=0 cs1=Multiple Windows error events cs1Label=LI Description fname=Application duser=SQLAgent$SNDPRO shost=SNDDB msg=WinEvtLog: Application: ERROR(14420): MSSQL$SNDPRO: SQLAgent$SNDPRO: NT SERVICE: SNDDB: The log shipping primary database SNDDB\\\\SNDPRO.Sidathyder_SND has backup threshold of 60 minutes and has not performed a backup log operation for 443 minutes. Check agent log and logshipping monitor information.  \n']
['2021-08-05 09:29:59\tSyslog.Info\t172.20.0.10\tAug  5 09:29:42 TMDSSERVER CEF:0', 'Trend Micro', 'Deep Security Agent', '20.0.414', '3002795', 'Microsoft Windows Events', '8', 'cn1=717 cn1Label=Host ID dvc=172.19.0.39 TrendMicroDsTenant=Primary TrendMicroDsTenantId=0 cs1=Multiple Windows Logon Failures cs1Label=LI Description fname=Security src=172.21.0.189 duser= Administrator shost=QVSERVER msg=WinEvtLog: Security: AUDIT_FAILURE(4625): Microsoft-Windows-Security-Auditing: (no user): no domain: QVSERVER: An account failed to log on. Subject:  Security ID:  S-1-0-0  Account Name:  -  Account Domain:  -  Logon ID:  0x0  Logon Type:   3  Account For Which Logon Failed:  Security ID:  S-1-0-0  Account Name:  Administrator  Account Domain:  TARIQ-SND  Failure Information:  Failure Reason:  %%2313  Status:   0xc000006d  Sub Status:  0xc000006a  Process Information:  Caller Process ID: 0x0  Caller Process Name: -  Network Information:  Workstation Name: TARIQ-SND  Source Network Address: 172.21.0.189  Source Port:  50479  Detailed Authentication Information:  Logon Process:  NtLmSsp   Authentication Package: NTLM  Transited Services: -  Package Name (NTLM only): -  Key Length:  0  This event is generated when a logon request fails. It is generated on the computer where access was attempted.  \n']
['2021-08-05 09:35:20\tSyslog.Info\t172.20.0.10\tAug  5 09:28:01 TMDSSERVER CEF:0', 'Trend Micro', 'Deep Security Agent', '20.0.414', '3002795', 'Microsoft Windows Events', '8', 'cn1=714 cn1Label=Host ID dvc=172.19.0.37 TrendMicroDsTenant=Primary TrendMicroDsTenantId=0 cs1=Multiple Windows error events cs1Label=LI Description fname=Application duser=SQLAgent$SNDPRO shost=SNDDB msg=WinEvtLog: Application: ERROR(14420): MSSQL$SNDPRO: SQLAgent$SNDPRO: NT SERVICE: SNDDB: The log shipping primary database SNDDB\\\\SNDPRO.Sidathyder_SND has backup threshold of 60 minutes and has not performed a backup log operation for 447 minutes. Check agent log and logshipping monitor information.  \n']
['2021-08-05 09:35:20\tSyslog.Info\t172.20.0.10\tAug  5 09:32:02 TMDSSERVER CEF:0', 'Trend Micro', 'Deep Security Agent', '20.0.414', '3002795', 'Microsoft Windows Events', '8', 'cn1=714 cn1Label=Host ID dvc=172.19.0.37 TrendMicroDsTenant=Primary TrendMicroDsTenantId=0 cs1=Multiple Windows error events cs1Label=LI Description fname=Application duser=SQLAgent$SNDPRO shost=SNDDB msg=WinEvtLog: Application: ERROR(14420): MSSQL$SNDPRO: SQLAgent$SNDPRO: NT SERVICE: SNDDB: The log shipping primary database SNDDB\\\\SNDPRO.Ship has backup threshold of 60 minutes and has not performed a backup log operation for 18452 minutes. Check agent log and logshipping monitor information.  \n']
['2021-08-05 09:44:22\tSyslog.Info\t172.20.0.10\tAug  5 09:36:00 TMDSSERVER CEF:0', 'Trend Micro', 'Deep Security Agent', '20.0.414', '3002795', 'Microsoft Windows Events', '8', 'cn1=714 cn1Label=Host ID dvc=172.19.0.37 TrendMicroDsTenant=Primary TrendMicroDsTenantId=0 cs1=Multiple Windows error events cs1Label=LI Description fname=Application duser=SQLAgent$SNDPRO shost=SNDDB msg=WinEvtLog: Application: ERROR(14420): MSSQL$SNDPRO: SQLAgent$SNDPRO: NT SERVICE: SNDDB: The log shipping primary database SNDDB\\\\SNDPRO.Ship has backup threshold of 60 minutes and has not performed a backup log operation for 18456 minutes. Check agent log and logshipping monitor information.  \n']
['2021-08-05 09:44:22\tSyslog.Info\t172.20.0.10\tAug  5 09:40:02 TMDSSERVER CEF:0', 'Trend Micro', 'Deep Security Agent', '20.0.414', '3002795', 'Microsoft Windows Events', '8', 'cn1=714 cn1Label=Host ID dvc=172.19.0.37 TrendMicroDsTenant=Primary TrendMicroDsTenantId=0 cs1=Multiple Windows error events cs1Label=LI Description fname=Application duser=SQLAgent$SNDPRO shost=SNDDB msg=WinEvtLog: Application: ERROR(14420): MSSQL$SNDPRO: SQLAgent$SNDPRO: NT SERVICE: SNDDB: The log shipping primary database SNDDB\\\\SNDPRO.Sidathyder_SND has backup threshold of 60 minutes and has not performed a backup log operation for 459 minutes. Check agent log and logshipping monitor information.  \n']
['2021-08-05 09:44:22\tSyslog.Info\t172.20.0.10\tAug  5 09:44:04 TMDSSERVER CEF:0', 'Trend Micro', 'Deep Security Agent', '20.0.414', '3002795', 'Microsoft Windows Events', '8', 'cn1=714 cn1Label=Host ID dvc=172.19.0.37 TrendMicroDsTenant=Primary TrendMicroDsTenantId=0 cs1=Multiple Windows error events cs1Label=LI Description fname=Application duser=SQLAgent$SNDPRO shost=SNDDB msg=WinEvtLog: Application: ERROR(14420): MSSQL$SNDPRO: SQLAgent$SNDPRO: NT SERVICE: SNDDB: The log shipping primary database SNDDB\\\\SNDPRO.Sidathyder_SND has backup threshold of 60 minutes and has not performed a backup log operation for 463 minutes. Check agent log and logshipping monitor information.  \n']
['2021-08-05 09:54:44\tSyslog.Info\t172.20.0.10\tAug  5 09:48:01 TMDSSERVER CEF:0', 'Trend Micro', 'Deep Security Agent', '20.0.414', '3002795', 'Microsoft Windows Events', '8', 'cn1=714 cn1Label=Host ID dvc=172.19.0.37 TrendMicroDsTenant=Primary TrendMicroDsTenantId=0 cs1=Multiple Windows error events cs1Label=LI Description fname=Application duser=SQLAgent$SNDPRO shost=SNDDB msg=WinEvtLog: Application: ERROR(14420): MSSQL$SNDPRO: SQLAgent$SNDPRO: NT SERVICE: SNDDB: The log shipping primary database SNDDB\\\\SNDPRO.Sidathyder_SND has backup threshold of 60 minutes and has not performed a backup log operation for 467 minutes. Check agent log and logshipping monitor information.  \n']
['2021-08-05 09:54:44\tSyslog.Info\t172.20.0.10\tAug  5 09:52:03 TMDSSERVER CEF:0', 'Trend Micro', 'Deep Security Agent', '20.0.414', '3002795', 'Microsoft Windows Events', '8', 'cn1=714 cn1Label=Host ID dvc=172.19.0.37 TrendMicroDsTenant=Primary TrendMicroDsTenantId=0 cs1=Multiple Windows error events cs1Label=LI Description fname=Application duser=SQLAgent$SNDPRO shost=SNDDB msg=WinEvtLog: Application: ERROR(14420): MSSQL$SNDPRO: SQLAgent$SNDPRO: NT SERVICE: SNDDB: The log shipping primary database SNDDB\\\\SNDPRO.shipping has backup threshold of 60 minutes and has not performed a backup log operation for 91959 minutes. Check agent log and logshipping monitor information.  \n']
['2021-08-05 10:03:52\tSyslog.Info\t172.20.0.10\tAug  5 09:56:01 TMDSSERVER CEF:0', 'Trend Micro', 'Deep Security Agent', '20.0.414', '3002795', 'Microsoft Windows Events', '8', 'cn1=714 cn1Label=Host ID dvc=172.19.0.37 TrendMicroDsTenant=Primary TrendMicroDsTenantId=0 cs1=Multiple Windows error events cs1Label=LI Description fname=Application duser=SQLAgent$SNDPRO shost=SNDDB msg=WinEvtLog: Application: ERROR(14420): MSSQL$SNDPRO: SQLAgent$SNDPRO: NT SERVICE: SNDDB: The log shipping primary database SNDDB\\\\SNDPRO.Ship has backup threshold of 60 minutes and has not performed a backup log operation for 18476 minutes. Check agent log and logshipping monitor information.  \n']
['2021-08-05 10:03:52\tSyslog.Info\t172.20.0.10\tAug  5 10:00:03 TMDSSERVER CEF:0', 'Trend Micro', 'Deep Security Agent', '20.0.414', '3002795', 'Microsoft Windows Events', '8', 'cn1=714 cn1Label=Host ID dvc=172.19.0.37 TrendMicroDsTenant=Primary TrendMicroDsTenantId=0 cs1=Multiple Windows error events cs1Label=LI Description fname=Application duser=SQLAgent$SNDPRO shost=SNDDB msg=WinEvtLog: Application: ERROR(14420): MSSQL$SNDPRO: SQLAgent$SNDPRO: NT SERVICE: SNDDB: The log shipping primary database SNDDB\\\\SNDPRO.Sidathyder_SND has backup threshold of 60 minutes and has not performed a backup log operation for 479 minutes. Check agent log and logshipping monitor information.  \n']
['2021-08-05 10:04:27\tSyslog.Info\t172.20.0.10\tAug  5 10:02:58 TMDSSERVER CEF:0', 'Trend Micro', 'Deep Security Agent', '20.0.414', '3002795', 'Microsoft Windows Events', '8', 'cn1=707 cn1Label=Host ID dvc=172.19.0.34 TrendMicroDsTenant=Primary TrendMicroDsTenantId=0 cs1=Multiple Windows error events cs1Label=LI Description fname=System duser=SYSTEM shost=SNDAPPQSServer msg=WinEvtLog: System: ERROR(1000): Microsoft-Windows-LanguagePackSetup: SYSTEM: NT AUTHORITY: SNDAPPQSServer: CBS Client initialization failed. Last error: 0x80080005  \n']
['2021-08-05 10:09:58\tSyslog.Info\t172.20.0.10\tAug  5 10:06:23 TMDSSERVER CEF:0', 'Trend Micro', 'Deep Security Agent', '20.0.414', '3002795', 'Microsoft Windows Events', '8', 'cn1=707 cn1Label=Host ID dvc=172.19.0.34 TrendMicroDsTenant=Primary TrendMicroDsTenantId=0 cs1=Windows Audit Policy changed cs1Label=LI Description fname=Security duser=(no user) shost=SNDAPPQSServer msg=WinEvtLog: Security: AUDIT_SUCCESS(4907): Microsoft-Windows-Security-Auditing: (no user): no domain: SNDAPPQSServer: Auditing settings on object were changed. Subject:  Security ID:  S-1-5-18  Account Name:  SNDAPPQSSERVER$  Account Domain:  WORKGROUP  Logon ID:  0x3e7  Object:  Object Server: Security  Object Type: File  Object Name: C:\\\\Windows\\\\WinSxS\\\\FileMaps\\\\_0000000000000000.cdf-ms  Handle ID: 0x318  Process Information:  Process ID: 0x3b0  Process Name: C:\\\\Windows\\\\WinSxS\\\\amd64_microsoft-windows-servicingstack_31bf3856ad364e35_6.3.9600.18384_none_fa1d93c39b41b41a\\\\TiWorker.exe  Auditing Settings:  Original Security Descriptor:   New Security Descriptor:  S:ARAI(AU;SAFA;0x1f0116;;;WD)\n']
['2021-08-05 10:09:58\tSyslog.Info\t172.20.0.10\tAug  5 10:06:23 TMDSSERVER CEF:0', 'Trend Micro', 'Deep Security Agent', '20.0.414', '3002795', 'Microsoft Windows Events', '8', 'cn1=707 cn1Label=Host ID dvc=172.19.0.34 TrendMicroDsTenant=Primary TrendMicroDsTenantId=0 cs1=Windows Audit Policy changed cs1Label=LI Description fname=Security duser=(no user) shost=SNDAPPQSServer msg=WinEvtLog: Security: AUDIT_SUCCESS(4907): Microsoft-Windows-Security-Auditing: (no user): no domain: SNDAPPQSServer: Auditing settings on object were changed. Subject:  Security ID:  S-1-5-18  Account Name:  SNDAPPQSSERVER$  Account Domain:  WORKGROUP  Logon ID:  0x3e7  Object:  Object Server: Security  Object Type: File  Object Name: C:\\\\Windows\\\\WinSxS\\\\FileMaps\\\\$$.cdf-ms  Handle ID: 0x390  Process Information:  Process ID: 0x3b0  Process Name: C:\\\\Windows\\\\WinSxS\\\\amd64_microsoft-windows-servicingstack_31bf3856ad364e35_6.3.9600.18384_none_fa1d93c39b41b41a\\\\TiWorker.exe  Auditing Settings:  Original Security Descriptor:   New Security Descriptor:  S:ARAI(AU;SAFA;0x1f0116;;;WD)\n']
['2021-08-05 10:09:58\tSyslog.Info\t172.20.0.10\tAug  5 10:06:23 TMDSSERVER CEF:0', 'Trend Micro', 'Deep Security Agent', '20.0.414', '3002795', 'Microsoft Windows Events', '8', 'cn1=707 cn1Label=Host ID dvc=172.19.0.34 TrendMicroDsTenant=Primary TrendMicroDsTenantId=0 cs1=Windows Audit Policy changed cs1Label=LI Description fname=Security duser=(no user) shost=SNDAPPQSServer msg=WinEvtLog: Security: AUDIT_SUCCESS(4907): Microsoft-Windows-Security-Auditing: (no user): no domain: SNDAPPQSServer: Auditing settings on object were changed. Subject:  Security ID:  S-1-5-18  Account Name:  SNDAPPQSSERVER$  Account Domain:  WORKGROUP  Logon ID:  0x3e7  Object:  Object Server: Security  Object Type: File  Object Name: C:\\\\Windows\\\\WinSxS\\\\FileMaps\\\\$$_servicing_fc2045b9046cc796.cdf-ms  Handle ID: 0x5f8  Process Information:  Process ID: 0x3b0  Process Name: C:\\\\Windows\\\\WinSxS\\\\amd64_microsoft-windows-servicingstack_31bf3856ad364e35_6.3.9600.18384_none_fa1d93c39b41b41a\\\\TiWorker.exe  Auditing Settings:  Original Security Descriptor:   New Security Descriptor:  S:ARAI(AU;SAFA;0x1f0116;;;WD)\n']
['2021-08-05 10:09:58\tSyslog.Info\t172.20.0.10\tAug  5 10:06:23 TMDSSERVER CEF:0', 'Trend Micro', 'Deep Security Agent', '20.0.414', '3002795', 'Microsoft Windows Events', '8', 'cn1=707 cn1Label=Host ID dvc=172.19.0.34 TrendMicroDsTenant=Primary TrendMicroDsTenantId=0 cs1=Windows Audit Policy changed cs1Label=LI Description fname=Security duser=(no user) shost=SNDAPPQSServer msg=WinEvtLog: Security: AUDIT_SUCCESS(4907): Microsoft-Windows-Security-Auditing: (no user): no domain: SNDAPPQSServer: Auditing settings on object were changed. Subject:  Security ID:  S-1-5-18  Account Name:  SNDAPPQSSERVER$  Account Domain:  WORKGROUP  Logon ID:  0x3e7  Object:  Object Server: Security  Object Type: File  Object Name: C:\\\\Windows\\\\WinSxS\\\\FileMaps\\\\$$_servicing_version_6.3.9600.19991_7bbb3b675de38e21.cdf-ms  Handle ID: 0x390  Process Information:  Process ID: 0x3b0  Process Name: C:\\\\Windows\\\\WinSxS\\\\amd64_microsoft-windows-servicingstack_31bf3856ad364e35_6.3.9600.18384_none_fa1d93c39b41b41a\\\\TiWorker.exe  Auditing Settings:  Original Security Descriptor:   New Security Descriptor:  S:ARAI(AU;SAFA;0x1f0116;;;WD)\n']
['2021-08-05 10:09:58\tSyslog.Info\t172.20.0.10\tAug  5 10:06:23 TMDSSERVER CEF:0', 'Trend Micro', 'Deep Security Agent', '20.0.414', '3002795', 'Microsoft Windows Events', '8', 'cn1=707 cn1Label=Host ID dvc=172.19.0.34 TrendMicroDsTenant=Primary TrendMicroDsTenantId=0 cs1=Windows Audit Policy changed cs1Label=LI Description fname=Security duser=(no user) shost=SNDAPPQSServer msg=WinEvtLog: Security: AUDIT_SUCCESS(4907): Microsoft-Windows-Security-Auditing: (no user): no domain: SNDAPPQSServer: Auditing settings on object were changed. Subject:  Security ID:  S-1-5-18  Account Name:  SNDAPPQSSERVER$  Account Domain:  WORKGROUP  Logon ID:  0x3e7  Object:  Object Server: Security  Object Type: File  Object Name: C:\\\\Windows\\\\WinSxS\\\\FileMaps\\\\$$_syswow64_21ffbdd2a2dd92e0.cdf-ms  Handle ID: 0x318  Process Information:  Process ID: 0x3b0  Process Name: C:\\\\Windows\\\\WinSxS\\\\amd64_microsoft-windows-servicingstack_31bf3856ad364e35_6.3.9600.18384_none_fa1d93c39b41b41a\\\\TiWorker.exe  Auditing Settings:  Original Security Descriptor:   New Security Descriptor:  S:ARAI(AU;SAFA;0x1f0116;;;WD)\n']
['2021-08-05 10:09:58\tSyslog.Info\t172.20.0.10\tAug  5 10:06:23 TMDSSERVER CEF:0', 'Trend Micro', 'Deep Security Agent', '20.0.414', '3002795', 'Microsoft Windows Events', '8', 'cn1=707 cn1Label=Host ID dvc=172.19.0.34 TrendMicroDsTenant=Primary TrendMicroDsTenantId=0 cs1=Windows Audit Policy changed cs1Label=LI Description fname=Security duser=(no user) shost=SNDAPPQSServer msg=WinEvtLog: Security: AUDIT_SUCCESS(4907): Microsoft-Windows-Security-Auditing: (no user): no domain: SNDAPPQSServer: Auditing settings on object were changed. Subject:  Security ID:  S-1-5-18  Account Name:  SNDAPPQSSERVER$  Account Domain:  WORKGROUP  Logon ID:  0x3e7  Object:  Object Server: Security  Object Type: File  Object Name: C:\\\\Windows\\\\WinSxS\\\\FileMaps\\\\$$_system32_21f9a9c4a2f8b514.cdf-ms  Handle ID: 0x614  Process Information:  Process ID: 0x3b0  Process Name: C:\\\\Windows\\\\WinSxS\\\\amd64_microsoft-windows-servicingstack_31bf3856ad364e35_6.3.9600.18384_none_fa1d93c39b41b41a\\\\TiWorker.exe  Auditing Settings:  Original Security Descriptor:   New Security Descriptor:  S:ARAI(AU;SAFA;0x1f0116;;;WD)\n']
['2021-08-05 10:09:58\tSyslog.Info\t172.20.0.10\tAug  5 10:06:23 TMDSSERVER CEF:0', 'Trend Micro', 'Deep Security Agent', '20.0.414', '3002795', 'Microsoft Windows Events', '8', 'cn1=707 cn1Label=Host ID dvc=172.19.0.34 TrendMicroDsTenant=Primary TrendMicroDsTenantId=0 cs1=Windows Audit Policy changed cs1Label=LI Description fname=Security duser=(no user) shost=SNDAPPQSServer msg=WinEvtLog: Security: AUDIT_SUCCESS(4907): Microsoft-Windows-Security-Auditing: (no user): no domain: SNDAPPQSServer: Auditing settings on object were changed. Subject:  Security ID:  S-1-5-18  Account Name:  SNDAPPQSSERVER$  Account Domain:  WORKGROUP  Logon ID:  0x3e7  Object:  Object Server: Security  Object Type: File  Object Name: C:\\\\Windows\\\\System32\\\\poqexec.exe  Handle ID: 0x390  Process Information:  Process ID: 0x3b0  Process Name: C:\\\\Windows\\\\WinSxS\\\\amd64_microsoft-windows-servicingstack_31bf3856ad364e35_6.3.9600.18384_none_fa1d93c39b41b41a\\\\TiWorker.exe  Auditing Settings:  Original Security Descriptor: S:AI  New Security Descriptor:  S:ARAI(AU;SAFA;DCLCRPCRSDWDWO;;;WD)\n']
['2021-08-05 10:09:58\tSyslog.Info\t172.20.0.10\tAug  5 10:06:23 TMDSSERVER CEF:0', 'Trend Micro', 'Deep Security Agent', '20.0.414', '3002795', 'Microsoft Windows Events', '8', 'cn1=707 cn1Label=Host ID dvc=172.19.0.34 TrendMicroDsTenant=Primary TrendMicroDsTenantId=0 cs1=Windows Audit Policy changed cs1Label=LI Description fname=Security duser=(no user) shost=SNDAPPQSServer msg=WinEvtLog: Security: AUDIT_SUCCESS(4907): Microsoft-Windows-Security-Auditing: (no user): no domain: SNDAPPQSServer: Auditing settings on object were changed. Subject:  Security ID:  S-1-5-18  Account Name:  SNDAPPQSSERVER$  Account Domain:  WORKGROUP  Logon ID:  0x3e7  Object:  Object Server: Security  Object Type: File  Object Name: C:\\\\Windows\\\\SysWOW64\\\\poqexec.exe  Handle ID: 0x318  Process Information:  Process ID: 0x3b0  Process Name: C:\\\\Windows\\\\WinSxS\\\\amd64_microsoft-windows-servicingstack_31bf3856ad364e35_6.3.9600.18384_none_fa1d93c39b41b41a\\\\TiWorker.exe  Auditing Settings:  Original Security Descriptor: S:AI  New Security Descriptor:  S:ARAI(AU;SAFA;DCLCRPCRSDWDWO;;;WD)\n']
