['2021-08-04 16:10:25\tSyslog.Info\t172.20.0.10\tAug  4 16:08:52 TMDSSERVER CEF:0', 'Trend Micro', 'Deep Security Agent', '20.0.414', '40', 'VNC gabbasi Login', '8', 'cn1=685 cn1Label=Host ID dvc=172.20.0.20 TrendMicroDsTenant=Primary TrendMicroDsTenantId=0 cs1=gabbasi login cs1Label=LI Description fname=Application duser=(no user) shost=ISYNCAD msg=WinEvtLog: Application: INFORMATION(1): WinVNC4: (no user): no domain: ISYNCAD.ismailindustries.com: Connections: authenticated: 172.16.3.5::64677, as gabbasi@ismailindustries.com (Full access)      \n']
['2021-08-05 09:35:35\tSyslog.Info\t172.20.0.10\tAug  5 09:27:19 TMDSSERVER CEF:0', 'Trend Micro', 'Deep Security Agent', '20.0.414', '40', 'User created', '8', 'cn1=685 cn1Label=Host ID dvc=172.20.0.20 TrendMicroDsTenant=Primary TrendMicroDsTenantId=0 cs1=User account enabled or created cs1Label=LI Description fname=Security duser= anaeem shost=ISYNCAD msg=WinEvtLog: Security: AUDIT_SUCCESS(4720): Microsoft-Windows-Security-Auditing: (no user): no domain: ISYNCAD.ismailindustries.com: A user account was created. Subject:  Security ID:  S-1-5-21-1266428993-2899273040-1413466038-1175  Account Name:  mhanif  Account Domain:  ISMAILINDUSTRIE  Logon ID:  0x3bc7c839  New Account:  Security ID:  S-1-5-21-1266428993-2899273040-1413466038-19753  Account Name:  anaeem  Account Domain:  ISMAILINDUSTRIE  Attributes:  SAM Account Name: anaeem  Display Name:  Azeem Naeem  User Principal Name: anaeem@ismailindustries.com  Home Directory:  -  Home Drive:  -  Script Path:  -  Profile Path:  -  User Workstations: -  Password Last Set: %%1794  Account Expires:  %%1794  Primary Group ID: 513  Allowed To Delegate To: -  Old UAC Value:  0x0  New UAC Value:  0x15  User Account Control:     %%2080    %%2082    %%2084  User Parameters: -  SID History:  -  Logon Hours:  %%1793  Additional Information:  Privileges  -\n']
['2021-08-05 09:35:35\tSyslog.Info\t172.20.0.10\tAug  5 09:27:19 TMDSSERVER CEF:0', 'Trend Micro', 'Deep Security Agent', '20.0.414', '40', 'User created', '8', 'cn1=685 cn1Label=Host ID dvc=172.20.0.20 TrendMicroDsTenant=Primary TrendMicroDsTenantId=0 cs1=User account enabled or created cs1Label=LI Description fname=Security duser= anaeem shost=ISYNCAD msg=WinEvtLog: Security: AUDIT_SUCCESS(4722): Microsoft-Windows-Security-Auditing: (no user): no domain: ISYNCAD.ismailindustries.com: A user account was enabled. Subject:  Security ID:  S-1-5-21-1266428993-2899273040-1413466038-1175  Account Name:  mhanif  Account Domain:  ISMAILINDUSTRIE  Logon ID:  0x3bc7c839  Target Account:  Security ID:  S-1-5-21-1266428993-2899273040-1413466038-19753  Account Name:  anaeem  Account Domain:  ISMAILINDUSTRIE\n']
['2021-08-05 09:35:35\tSyslog.Info\t172.20.0.10\tAug  5 09:33:41 TMDSSERVER CEF:0', 'Trend Micro', 'Deep Security Agent', '20.0.414', '40', 'User created', '8', 'cn1=685 cn1Label=Host ID dvc=172.20.0.20 TrendMicroDsTenant=Primary TrendMicroDsTenantId=0 cs1=User account enabled or created cs1Label=LI Description fname=Security duser= ebintory shost=ISYNCAD msg=WinEvtLog: Security: AUDIT_SUCCESS(4720): Microsoft-Windows-Security-Auditing: (no user): no domain: ISYNCAD.ismailindustries.com: A user account was created. Subject:  Security ID:  S-1-5-21-1266428993-2899273040-1413466038-1175  Account Name:  mhanif  Account Domain:  ISMAILINDUSTRIE  Logon ID:  0x3bc7c839  New Account:  Security ID:  S-1-5-21-1266428993-2899273040-1413466038-19754  Account Name:  ebintory  Account Domain:  ISMAILINDUSTRIE  Attributes:  SAM Account Name: ebintory  Display Name:  Ebad Bintory  User Principal Name: ebintory@ismailindustries.com  Home Directory:  -  Home Drive:  -  Script Path:  -  Profile Path:  -  User Workstations: -  Password Last Set: %%1794  Account Expires:  %%1794  Primary Group ID: 513  Allowed To Delegate To: -  Old UAC Value:  0x0  New UAC Value:  0x15  User Account Control:     %%2080    %%2082    %%2084  User Parameters: -  SID History:  -  Logon Hours:  %%1793  Additional Information:  Privileges  -\n']
['2021-08-05 09:35:35\tSyslog.Info\t172.20.0.10\tAug  5 09:33:41 TMDSSERVER CEF:0', 'Trend Micro', 'Deep Security Agent', '20.0.414', '40', 'User created', '8', 'cn1=685 cn1Label=Host ID dvc=172.20.0.20 TrendMicroDsTenant=Primary TrendMicroDsTenantId=0 cs1=User account enabled or created cs1Label=LI Description fname=Security duser= ebintory shost=ISYNCAD msg=WinEvtLog: Security: AUDIT_SUCCESS(4722): Microsoft-Windows-Security-Auditing: (no user): no domain: ISYNCAD.ismailindustries.com: A user account was enabled. Subject:  Security ID:  S-1-5-21-1266428993-2899273040-1413466038-1175  Account Name:  mhanif  Account Domain:  ISMAILINDUSTRIE  Logon ID:  0x3bc7c839  Target Account:  Security ID:  S-1-5-21-1266428993-2899273040-1413466038-19754  Account Name:  ebintory  Account Domain:  ISMAILINDUSTRIE\n']
['2021-08-05 09:54:19\tSyslog.Info\t172.20.0.10\tAug  5 09:47:53 TMDSSERVER CEF:0', 'Trend Micro', 'Deep Security Agent', '20.0.414', '40', 'User created', '8', 'cn1=685 cn1Label=Host ID dvc=172.20.0.20 TrendMicroDsTenant=Primary TrendMicroDsTenantId=0 cs1=User account enabled or created cs1Label=LI Description fname=Security duser= ahsheraz shost=ISYNCAD msg=WinEvtLog: Security: AUDIT_SUCCESS(4720): Microsoft-Windows-Security-Auditing: (no user): no domain: ISYNCAD.ismailindustries.com: A user account was created. Subject:  Security ID:  S-1-5-21-1266428993-2899273040-1413466038-1175  Account Name:  mhanif  Account Domain:  ISMAILINDUSTRIE  Logon ID:  0x3bc7c839  New Account:  Security ID:  S-1-5-21-1266428993-2899273040-1413466038-19755  Account Name:  ahsheraz  Account Domain:  ISMAILINDUSTRIE  Attributes:  SAM Account Name: ahsheraz  Display Name:  Ahmad Sheraz  User Principal Name: ahsheraz@ismailindustries.com  Home Directory:  -  Home Drive:  -  Script Path:  -  Profile Path:  -  User Workstations: -  Password Last Set: %%1794  Account Expires:  %%1794  Primary Group ID: 513  Allowed To Delegate To: -  Old UAC Value:  0x0  New UAC Value:  0x15  User Account Control:     %%2080    %%2082    %%2084  User Parameters: -  SID History:  -  Logon Hours:  %%1793  Additional Information:  Privileges  -\n']
['2021-08-05 09:54:19\tSyslog.Info\t172.20.0.10\tAug  5 09:47:53 TMDSSERVER CEF:0', 'Trend Micro', 'Deep Security Agent', '20.0.414', '40', 'User created', '8', 'cn1=685 cn1Label=Host ID dvc=172.20.0.20 TrendMicroDsTenant=Primary TrendMicroDsTenantId=0 cs1=User account enabled or created cs1Label=LI Description fname=Security duser= ahsheraz shost=ISYNCAD msg=WinEvtLog: Security: AUDIT_SUCCESS(4722): Microsoft-Windows-Security-Auditing: (no user): no domain: ISYNCAD.ismailindustries.com: A user account was enabled. Subject:  Security ID:  S-1-5-21-1266428993-2899273040-1413466038-1175  Account Name:  mhanif  Account Domain:  ISMAILINDUSTRIE  Logon ID:  0x3bc7c839  Target Account:  Security ID:  S-1-5-21-1266428993-2899273040-1413466038-19755  Account Name:  ahsheraz  Account Domain:  ISMAILINDUSTRIE\n']
['2021-08-05 12:28:07\tSyslog.Info\t172.20.0.10\tAug  5 12:18:10 TMDSSERVER CEF:0', 'Trend Micro', 'Deep Security Agent', '20.0.414', '40', 'User Removed', '8', 'cn1=685 cn1Label=Host ID dvc=172.20.0.20 TrendMicroDsTenant=Primary TrendMicroDsTenantId=0 cs1=User account disabled or deleted cs1Label=LI Description fname=Security duser= IMTIAZ-EXPORT$ shost=ISYNCAD msg=WinEvtLog: Security: AUDIT_SUCCESS(4725): Microsoft-Windows-Security-Auditing: (no user): no domain: ISYNCAD.ismailindustries.com: A user account was disabled. Subject:  Security ID:  S-1-5-21-1266428993-2899273040-1413466038-1175  Account Name:  mhanif  Account Domain:  ISMAILINDUSTRIE  Logon ID:  0x3ca428f6  Target Account:  Security ID:  S-1-5-21-1266428993-2899273040-1413466038-16006  Account Name:  IMTIAZ-EXPORT$  Account Domain:  ISMAILINDUSTRIE\n']
['2021-08-05 12:28:07\tSyslog.Info\t172.20.0.10\tAug  5 12:18:10 TMDSSERVER CEF:0', 'Trend Micro', 'Deep Security Agent', '20.0.414', '40', 'User created', '8', 'cn1=685 cn1Label=Host ID dvc=172.20.0.20 TrendMicroDsTenant=Primary TrendMicroDsTenantId=0 cs1=User account enabled or created cs1Label=LI Description fname=Security duser= IMTIAZ-EXPORT$ shost=ISYNCAD msg=WinEvtLog: Security: AUDIT_SUCCESS(4722): Microsoft-Windows-Security-Auditing: (no user): no domain: ISYNCAD.ismailindustries.com: A user account was enabled. Subject:  Security ID:  S-1-5-21-1266428993-2899273040-1413466038-1175  Account Name:  mhanif  Account Domain:  ISMAILINDUSTRIE  Logon ID:  0x3ca428f6  Target Account:  Security ID:  S-1-5-21-1266428993-2899273040-1413466038-16006  Account Name:  IMTIAZ-EXPORT$  Account Domain:  ISMAILINDUSTRIE\n']
